INFO - 2024-01-17 17:46:54 --> Session: Class initialized using 'CodeIgniter\Session\Handlers\FileHandler' driver.
INFO - 2024-01-17 17:46:54 --> Session: Class initialized using 'CodeIgniter\Session\Handlers\FileHandler' driver.
INFO - 2024-01-17 17:46:58 --> Session: Class initialized using 'CodeIgniter\Session\Handlers\FileHandler' driver.
INFO - 2024-01-17 17:47:00 --> Session: Class initialized using 'CodeIgniter\Session\Handlers\FileHandler' driver.
INFO - 2024-01-17 17:47:00 --> Session: Class initialized using 'CodeIgniter\Session\Handlers\FileHandler' driver.
INFO - 2024-01-17 17:49:21 --> Session: Class initialized using 'CodeIgniter\Session\Handlers\FileHandler' driver.
INFO - 2024-01-17 17:49:21 --> Session: Class initialized using 'CodeIgniter\Session\Handlers\FileHandler' driver.
INFO - 2024-01-17 17:53:07 --> Session: Class initialized using 'CodeIgniter\Session\Handlers\FileHandler' driver.
INFO - 2024-01-17 17:53:07 --> Session: Class initialized using 'CodeIgniter\Session\Handlers\FileHandler' driver.
INFO - 2024-01-17 17:57:31 --> Session: Class initialized using 'CodeIgniter\Session\Handlers\FileHandler' driver.
INFO - 2024-01-17 17:57:31 --> Session: Class initialized using 'CodeIgniter\Session\Handlers\FileHandler' driver.
INFO - 2024-01-17 17:59:26 --> Session: Class initialized using 'CodeIgniter\Session\Handlers\FileHandler' driver.
INFO - 2024-01-17 17:59:26 --> Session: Class initialized using 'CodeIgniter\Session\Handlers\FileHandler' driver.
INFO - 2024-01-17 17:59:28 --> Session: Class initialized using 'CodeIgniter\Session\Handlers\FileHandler' driver.
INFO - 2024-01-17 17:59:29 --> Session: Class initialized using 'CodeIgniter\Session\Handlers\FileHandler' driver.
INFO - 2024-01-17 17:59:29 --> Session: Class initialized using 'CodeIgniter\Session\Handlers\FileHandler' driver.
INFO - 2024-01-17 17:59:30 --> Session: Class initialized using 'CodeIgniter\Session\Handlers\FileHandler' driver.
INFO - 2024-01-17 17:59:31 --> Session: Class initialized using 'CodeIgniter\Session\Handlers\FileHandler' driver.
INFO - 2024-01-17 18:00:20 --> Session: Class initialized using 'CodeIgniter\Session\Handlers\FileHandler' driver.
INFO - 2024-01-17 18:00:21 --> Session: Class initialized using 'CodeIgniter\Session\Handlers\FileHandler' driver.
INFO - 2024-01-17 18:00:23 --> Session: Class initialized using 'CodeIgniter\Session\Handlers\FileHandler' driver.
INFO - 2024-01-17 18:00:23 --> Session: Class initialized using 'CodeIgniter\Session\Handlers\FileHandler' driver.
INFO - 2024-01-17 18:00:24 --> Session: Class initialized using 'CodeIgniter\Session\Handlers\FileHandler' driver.
INFO - 2024-01-17 18:00:31 --> Session: Class initialized using 'CodeIgniter\Session\Handlers\FileHandler' driver.
INFO - 2024-01-17 18:00:31 --> Session: Class initialized using 'CodeIgniter\Session\Handlers\FileHandler' driver.
INFO - 2024-01-17 18:00:32 --> Session: Class initialized using 'CodeIgniter\Session\Handlers\FileHandler' driver.
INFO - 2024-01-17 18:00:32 --> Session: Class initialized using 'CodeIgniter\Session\Handlers\FileHandler' driver.
INFO - 2024-01-17 18:15:04 --> Session: Class initialized using 'CodeIgniter\Session\Handlers\FileHandler' driver.
INFO - 2024-01-17 18:15:04 --> Session: Class initialized using 'CodeIgniter\Session\Handlers\FileHandler' driver.
INFO - 2024-01-17 18:15:07 --> Session: Class initialized using 'CodeIgniter\Session\Handlers\FileHandler' driver.
INFO - 2024-01-17 18:15:07 --> Session: Class initialized using 'CodeIgniter\Session\Handlers\FileHandler' driver.
INFO - 2024-01-17 18:15:08 --> Session: Class initialized using 'CodeIgniter\Session\Handlers\FileHandler' driver.
INFO - 2024-01-17 18:15:09 --> Session: Class initialized using 'CodeIgniter\Session\Handlers\FileHandler' driver.
INFO - 2024-01-17 18:15:09 --> Session: Class initialized using 'CodeIgniter\Session\Handlers\FileHandler' driver.
INFO - 2024-01-17 18:15:10 --> Session: Class initialized using 'CodeIgniter\Session\Handlers\FileHandler' driver.
INFO - 2024-01-17 18:15:11 --> Session: Class initialized using 'CodeIgniter\Session\Handlers\FileHandler' driver.
INFO - 2024-01-17 18:15:11 --> Session: Class initialized using 'CodeIgniter\Session\Handlers\FileHandler' driver.
INFO - 2024-01-17 18:15:12 --> Session: Class initialized using 'CodeIgniter\Session\Handlers\FileHandler' driver.
INFO - 2024-01-17 18:21:48 --> Session: Class initialized using 'CodeIgniter\Session\Handlers\FileHandler' driver.
INFO - 2024-01-17 18:21:48 --> Session: Class initialized using 'CodeIgniter\Session\Handlers\FileHandler' driver.
INFO - 2024-01-17 18:22:03 --> Session: Class initialized using 'CodeIgniter\Session\Handlers\FileHandler' driver.
WARNING - 2024-01-17 18:22:03 --> [DEPRECATED] pg_escape_string(): Automatic fetching of PostgreSQL connection is deprecated in APPPATH\Models\CustomerModel.php on line 31.
 1 APPPATH\Models\CustomerModel.php(31): pg_escape_string('380503456789')
 2 APPPATH\Controllers\roles_controllers\administrator\RoomsRegisterController.php(61): App\Models\CustomerModel->search_customer('', '', '', '380503456789')
 3 SYSTEMPATH\CodeIgniter.php(942): App\Controllers\roles_controllers\administrator\RoomsRegisterController->phone_search()
 4 SYSTEMPATH\CodeIgniter.php(502): CodeIgniter\CodeIgniter->runController(Object(App\Controllers\roles_controllers\administrator\RoomsRegisterController))
 5 SYSTEMPATH\CodeIgniter.php(361): CodeIgniter\CodeIgniter->handleRequest(null, Object(Config\Cache), false)
 6 FCPATH\index.php(79): CodeIgniter\CodeIgniter->run()
INFO - 2024-01-17 18:22:17 --> Session: Class initialized using 'CodeIgniter\Session\Handlers\FileHandler' driver.
INFO - 2024-01-17 18:22:20 --> Session: Class initialized using 'CodeIgniter\Session\Handlers\FileHandler' driver.
WARNING - 2024-01-17 18:22:20 --> [DEPRECATED] pg_escape_string(): Automatic fetching of PostgreSQL connection is deprecated in APPPATH\Models\RoomModel.php on line 78.
 1 APPPATH\Models\RoomModel.php(78): pg_escape_string('2024-01-24')
 2 SYSTEMPATH\Database\BaseBuilder.php(3505): App\Models\RoomModel->App\Models\{closure}(Object(CodeIgniter\Database\Postgre\Builder))
 3 SYSTEMPATH\Database\BaseBuilder.php(955): CodeIgniter\Database\BaseBuilder->buildSubquery(Object(CodeIgniter\Database\Postgre\Builder), true)
 4 SYSTEMPATH\Database\BaseBuilder.php(852): CodeIgniter\Database\BaseBuilder->_whereIn('"room"."id"', Object(Closure), ' NOT', 'AND ', true)
 5 APPPATH\Models\RoomModel.php(75): CodeIgniter\Database\BaseBuilder->whereNotIn('room.id', Object(Closure))
 6 APPPATH\Controllers\roles_controllers\administrator\RoomsRegisterController.php(71): App\Models\RoomModel->searchFreeRoom('0', '', '', '', '2024-01-22', '2024-01-24')
 7 SYSTEMPATH\CodeIgniter.php(942): App\Controllers\roles_controllers\administrator\RoomsRegisterController->search_room()
 8 SYSTEMPATH\CodeIgniter.php(502): CodeIgniter\CodeIgniter->runController(Object(App\Controllers\roles_controllers\administrator\RoomsRegisterController))
 9 SYSTEMPATH\CodeIgniter.php(361): CodeIgniter\CodeIgniter->handleRequest(null, Object(Config\Cache), false)
10 FCPATH\index.php(79): CodeIgniter\CodeIgniter->run()
WARNING - 2024-01-17 18:22:20 --> [DEPRECATED] pg_escape_string(): Automatic fetching of PostgreSQL connection is deprecated in APPPATH\Models\RoomModel.php on line 79.
 1 APPPATH\Models\RoomModel.php(79): pg_escape_string('2024-01-22')
 2 SYSTEMPATH\Database\BaseBuilder.php(3505): App\Models\RoomModel->App\Models\{closure}(Object(CodeIgniter\Database\Postgre\Builder))
 3 SYSTEMPATH\Database\BaseBuilder.php(955): CodeIgniter\Database\BaseBuilder->buildSubquery(Object(CodeIgniter\Database\Postgre\Builder), true)
 4 SYSTEMPATH\Database\BaseBuilder.php(852): CodeIgniter\Database\BaseBuilder->_whereIn('"room"."id"', Object(Closure), ' NOT', 'AND ', true)
 5 APPPATH\Models\RoomModel.php(75): CodeIgniter\Database\BaseBuilder->whereNotIn('room.id', Object(Closure))
 6 APPPATH\Controllers\roles_controllers\administrator\RoomsRegisterController.php(71): App\Models\RoomModel->searchFreeRoom('0', '', '', '', '2024-01-22', '2024-01-24')
 7 SYSTEMPATH\CodeIgniter.php(942): App\Controllers\roles_controllers\administrator\RoomsRegisterController->search_room()
 8 SYSTEMPATH\CodeIgniter.php(502): CodeIgniter\CodeIgniter->runController(Object(App\Controllers\roles_controllers\administrator\RoomsRegisterController))
 9 SYSTEMPATH\CodeIgniter.php(361): CodeIgniter\CodeIgniter->handleRequest(null, Object(Config\Cache), false)
10 FCPATH\index.php(79): CodeIgniter\CodeIgniter->run()
INFO - 2024-01-17 18:25:32 --> Session: Class initialized using 'CodeIgniter\Session\Handlers\FileHandler' driver.
WARNING - 2024-01-17 18:25:32 --> [DEPRECATED] pg_escape_string(): Automatic fetching of PostgreSQL connection is deprecated in APPPATH\Models\CustomerModel.php on line 31.
 1 APPPATH\Models\CustomerModel.php(31): pg_escape_string('380503456789')
 2 APPPATH\Controllers\roles_controllers\administrator\RoomsRegisterController.php(83): App\Models\CustomerModel->search_customer('', '', '', '380503456789')
 3 SYSTEMPATH\CodeIgniter.php(942): App\Controllers\roles_controllers\administrator\RoomsRegisterController->add_settlement()
 4 SYSTEMPATH\CodeIgniter.php(502): CodeIgniter\CodeIgniter->runController(Object(App\Controllers\roles_controllers\administrator\RoomsRegisterController))
 5 SYSTEMPATH\CodeIgniter.php(361): CodeIgniter\CodeIgniter->handleRequest(null, Object(Config\Cache), false)
 6 FCPATH\index.php(79): CodeIgniter\CodeIgniter->run()
WARNING - 2024-01-17 18:25:32 --> [DEPRECATED] pg_escape_string(): Automatic fetching of PostgreSQL connection is deprecated in APPPATH\Models\SettlementModel.php on line 33.
 1 APPPATH\Models\SettlementModel.php(33): pg_escape_string('7')
 2 APPPATH\Controllers\roles_controllers\administrator\RoomsRegisterController.php(85): App\Models\SettlementModel->addSettlement('7', '47', '2024-01-22', '2024-01-24', '')
 3 SYSTEMPATH\CodeIgniter.php(942): App\Controllers\roles_controllers\administrator\RoomsRegisterController->add_settlement()
 4 SYSTEMPATH\CodeIgniter.php(502): CodeIgniter\CodeIgniter->runController(Object(App\Controllers\roles_controllers\administrator\RoomsRegisterController))
 5 SYSTEMPATH\CodeIgniter.php(361): CodeIgniter\CodeIgniter->handleRequest(null, Object(Config\Cache), false)
 6 FCPATH\index.php(79): CodeIgniter\CodeIgniter->run()
WARNING - 2024-01-17 18:25:32 --> [DEPRECATED] pg_escape_string(): Automatic fetching of PostgreSQL connection is deprecated in APPPATH\Models\SettlementModel.php on line 34.
 1 APPPATH\Models\SettlementModel.php(34): pg_escape_string('47')
 2 APPPATH\Controllers\roles_controllers\administrator\RoomsRegisterController.php(85): App\Models\SettlementModel->addSettlement('7', '47', '2024-01-22', '2024-01-24', '')
 3 SYSTEMPATH\CodeIgniter.php(942): App\Controllers\roles_controllers\administrator\RoomsRegisterController->add_settlement()
 4 SYSTEMPATH\CodeIgniter.php(502): CodeIgniter\CodeIgniter->runController(Object(App\Controllers\roles_controllers\administrator\RoomsRegisterController))
 5 SYSTEMPATH\CodeIgniter.php(361): CodeIgniter\CodeIgniter->handleRequest(null, Object(Config\Cache), false)
 6 FCPATH\index.php(79): CodeIgniter\CodeIgniter->run()
WARNING - 2024-01-17 18:25:32 --> [DEPRECATED] pg_escape_string(): Automatic fetching of PostgreSQL connection is deprecated in APPPATH\Models\SettlementModel.php on line 35.
 1 APPPATH\Models\SettlementModel.php(35): pg_escape_string('2024-01-22')
 2 APPPATH\Controllers\roles_controllers\administrator\RoomsRegisterController.php(85): App\Models\SettlementModel->addSettlement('7', '47', '2024-01-22', '2024-01-24', '')
 3 SYSTEMPATH\CodeIgniter.php(942): App\Controllers\roles_controllers\administrator\RoomsRegisterController->add_settlement()
 4 SYSTEMPATH\CodeIgniter.php(502): CodeIgniter\CodeIgniter->runController(Object(App\Controllers\roles_controllers\administrator\RoomsRegisterController))
 5 SYSTEMPATH\CodeIgniter.php(361): CodeIgniter\CodeIgniter->handleRequest(null, Object(Config\Cache), false)
 6 FCPATH\index.php(79): CodeIgniter\CodeIgniter->run()
WARNING - 2024-01-17 18:25:32 --> [DEPRECATED] pg_escape_string(): Automatic fetching of PostgreSQL connection is deprecated in APPPATH\Models\SettlementModel.php on line 36.
 1 APPPATH\Models\SettlementModel.php(36): pg_escape_string('2024-01-24')
 2 APPPATH\Controllers\roles_controllers\administrator\RoomsRegisterController.php(85): App\Models\SettlementModel->addSettlement('7', '47', '2024-01-22', '2024-01-24', '')
 3 SYSTEMPATH\CodeIgniter.php(942): App\Controllers\roles_controllers\administrator\RoomsRegisterController->add_settlement()
 4 SYSTEMPATH\CodeIgniter.php(502): CodeIgniter\CodeIgniter->runController(Object(App\Controllers\roles_controllers\administrator\RoomsRegisterController))
 5 SYSTEMPATH\CodeIgniter.php(361): CodeIgniter\CodeIgniter->handleRequest(null, Object(Config\Cache), false)
 6 FCPATH\index.php(79): CodeIgniter\CodeIgniter->run()
WARNING - 2024-01-17 18:25:32 --> [DEPRECATED] pg_escape_string(): Automatic fetching of PostgreSQL connection is deprecated in APPPATH\Models\SettlementModel.php on line 37.
 1 APPPATH\Models\SettlementModel.php(37): pg_escape_string('')
 2 APPPATH\Controllers\roles_controllers\administrator\RoomsRegisterController.php(85): App\Models\SettlementModel->addSettlement('7', '47', '2024-01-22', '2024-01-24', '')
 3 SYSTEMPATH\CodeIgniter.php(942): App\Controllers\roles_controllers\administrator\RoomsRegisterController->add_settlement()
 4 SYSTEMPATH\CodeIgniter.php(502): CodeIgniter\CodeIgniter->runController(Object(App\Controllers\roles_controllers\administrator\RoomsRegisterController))
 5 SYSTEMPATH\CodeIgniter.php(361): CodeIgniter\CodeIgniter->handleRequest(null, Object(Config\Cache), false)
 6 FCPATH\index.php(79): CodeIgniter\CodeIgniter->run()
INFO - 2024-01-17 18:25:32 --> Session: Class initialized using 'CodeIgniter\Session\Handlers\FileHandler' driver.
WARNING - 2024-01-17 18:25:32 --> [DEPRECATED] pg_escape_string(): Automatic fetching of PostgreSQL connection is deprecated in APPPATH\Models\RoomModel.php on line 78.
 1 APPPATH\Models\RoomModel.php(78): pg_escape_string('2024-01-24')
 2 SYSTEMPATH\Database\BaseBuilder.php(3505): App\Models\RoomModel->App\Models\{closure}(Object(CodeIgniter\Database\Postgre\Builder))
 3 SYSTEMPATH\Database\BaseBuilder.php(955): CodeIgniter\Database\BaseBuilder->buildSubquery(Object(CodeIgniter\Database\Postgre\Builder), true)
 4 SYSTEMPATH\Database\BaseBuilder.php(852): CodeIgniter\Database\BaseBuilder->_whereIn('"room"."id"', Object(Closure), ' NOT', 'AND ', true)
 5 APPPATH\Models\RoomModel.php(75): CodeIgniter\Database\BaseBuilder->whereNotIn('room.id', Object(Closure))
 6 APPPATH\Controllers\roles_controllers\administrator\RoomsRegisterController.php(71): App\Models\RoomModel->searchFreeRoom('0', '', '', '', '2024-01-22', '2024-01-24')
 7 SYSTEMPATH\CodeIgniter.php(942): App\Controllers\roles_controllers\administrator\RoomsRegisterController->search_room()
 8 SYSTEMPATH\CodeIgniter.php(502): CodeIgniter\CodeIgniter->runController(Object(App\Controllers\roles_controllers\administrator\RoomsRegisterController))
 9 SYSTEMPATH\CodeIgniter.php(361): CodeIgniter\CodeIgniter->handleRequest(null, Object(Config\Cache), false)
10 FCPATH\index.php(79): CodeIgniter\CodeIgniter->run()
WARNING - 2024-01-17 18:25:32 --> [DEPRECATED] pg_escape_string(): Automatic fetching of PostgreSQL connection is deprecated in APPPATH\Models\RoomModel.php on line 79.
 1 APPPATH\Models\RoomModel.php(79): pg_escape_string('2024-01-22')
 2 SYSTEMPATH\Database\BaseBuilder.php(3505): App\Models\RoomModel->App\Models\{closure}(Object(CodeIgniter\Database\Postgre\Builder))
 3 SYSTEMPATH\Database\BaseBuilder.php(955): CodeIgniter\Database\BaseBuilder->buildSubquery(Object(CodeIgniter\Database\Postgre\Builder), true)
 4 SYSTEMPATH\Database\BaseBuilder.php(852): CodeIgniter\Database\BaseBuilder->_whereIn('"room"."id"', Object(Closure), ' NOT', 'AND ', true)
 5 APPPATH\Models\RoomModel.php(75): CodeIgniter\Database\BaseBuilder->whereNotIn('room.id', Object(Closure))
 6 APPPATH\Controllers\roles_controllers\administrator\RoomsRegisterController.php(71): App\Models\RoomModel->searchFreeRoom('0', '', '', '', '2024-01-22', '2024-01-24')
 7 SYSTEMPATH\CodeIgniter.php(942): App\Controllers\roles_controllers\administrator\RoomsRegisterController->search_room()
 8 SYSTEMPATH\CodeIgniter.php(502): CodeIgniter\CodeIgniter->runController(Object(App\Controllers\roles_controllers\administrator\RoomsRegisterController))
 9 SYSTEMPATH\CodeIgniter.php(361): CodeIgniter\CodeIgniter->handleRequest(null, Object(Config\Cache), false)
10 FCPATH\index.php(79): CodeIgniter\CodeIgniter->run()
INFO - 2024-01-17 18:25:34 --> Session: Class initialized using 'CodeIgniter\Session\Handlers\FileHandler' driver.
INFO - 2024-01-17 18:25:34 --> Session: Class initialized using 'CodeIgniter\Session\Handlers\FileHandler' driver.
INFO - 2024-01-17 18:25:41 --> Session: Class initialized using 'CodeIgniter\Session\Handlers\FileHandler' driver.
INFO - 2024-01-17 18:28:12 --> Session: Class initialized using 'CodeIgniter\Session\Handlers\FileHandler' driver.
INFO - 2024-01-17 18:28:12 --> Session: Class initialized using 'CodeIgniter\Session\Handlers\FileHandler' driver.
INFO - 2024-01-17 18:31:42 --> Session: Class initialized using 'CodeIgniter\Session\Handlers\FileHandler' driver.
INFO - 2024-01-17 18:31:44 --> Session: Class initialized using 'CodeIgniter\Session\Handlers\FileHandler' driver.
WARNING - 2024-01-17 18:31:44 --> [DEPRECATED] pg_escape_string(): Automatic fetching of PostgreSQL connection is deprecated in APPPATH\Models\RoomModel.php on line 78.
 1 APPPATH\Models\RoomModel.php(78): pg_escape_string('2024-01-15')
 2 SYSTEMPATH\Database\BaseBuilder.php(3505): App\Models\RoomModel->App\Models\{closure}(Object(CodeIgniter\Database\Postgre\Builder))
 3 SYSTEMPATH\Database\BaseBuilder.php(955): CodeIgniter\Database\BaseBuilder->buildSubquery(Object(CodeIgniter\Database\Postgre\Builder), true)
 4 SYSTEMPATH\Database\BaseBuilder.php(852): CodeIgniter\Database\BaseBuilder->_whereIn('"room"."id"', Object(Closure), ' NOT', 'AND ', true)
 5 APPPATH\Models\RoomModel.php(75): CodeIgniter\Database\BaseBuilder->whereNotIn('room.id', Object(Closure))
 6 APPPATH\Controllers\roles_controllers\administrator\RoomsRegisterController.php(71): App\Models\RoomModel->searchFreeRoom('0', '', '', '', '2024-01-25', '2024-01-15')
 7 SYSTEMPATH\CodeIgniter.php(942): App\Controllers\roles_controllers\administrator\RoomsRegisterController->search_room()
 8 SYSTEMPATH\CodeIgniter.php(502): CodeIgniter\CodeIgniter->runController(Object(App\Controllers\roles_controllers\administrator\RoomsRegisterController))
 9 SYSTEMPATH\CodeIgniter.php(361): CodeIgniter\CodeIgniter->handleRequest(null, Object(Config\Cache), false)
10 FCPATH\index.php(79): CodeIgniter\CodeIgniter->run()
WARNING - 2024-01-17 18:31:44 --> [DEPRECATED] pg_escape_string(): Automatic fetching of PostgreSQL connection is deprecated in APPPATH\Models\RoomModel.php on line 79.
 1 APPPATH\Models\RoomModel.php(79): pg_escape_string('2024-01-25')
 2 SYSTEMPATH\Database\BaseBuilder.php(3505): App\Models\RoomModel->App\Models\{closure}(Object(CodeIgniter\Database\Postgre\Builder))
 3 SYSTEMPATH\Database\BaseBuilder.php(955): CodeIgniter\Database\BaseBuilder->buildSubquery(Object(CodeIgniter\Database\Postgre\Builder), true)
 4 SYSTEMPATH\Database\BaseBuilder.php(852): CodeIgniter\Database\BaseBuilder->_whereIn('"room"."id"', Object(Closure), ' NOT', 'AND ', true)
 5 APPPATH\Models\RoomModel.php(75): CodeIgniter\Database\BaseBuilder->whereNotIn('room.id', Object(Closure))
 6 APPPATH\Controllers\roles_controllers\administrator\RoomsRegisterController.php(71): App\Models\RoomModel->searchFreeRoom('0', '', '', '', '2024-01-25', '2024-01-15')
 7 SYSTEMPATH\CodeIgniter.php(942): App\Controllers\roles_controllers\administrator\RoomsRegisterController->search_room()
 8 SYSTEMPATH\CodeIgniter.php(502): CodeIgniter\CodeIgniter->runController(Object(App\Controllers\roles_controllers\administrator\RoomsRegisterController))
 9 SYSTEMPATH\CodeIgniter.php(361): CodeIgniter\CodeIgniter->handleRequest(null, Object(Config\Cache), false)
10 FCPATH\index.php(79): CodeIgniter\CodeIgniter->run()
INFO - 2024-01-17 18:32:57 --> Session: Class initialized using 'CodeIgniter\Session\Handlers\FileHandler' driver.
WARNING - 2024-01-17 18:32:57 --> [DEPRECATED] pg_escape_string(): Automatic fetching of PostgreSQL connection is deprecated in APPPATH\Models\RoomModel.php on line 78.
 1 APPPATH\Models\RoomModel.php(78): pg_escape_string('2024-01-15')
 2 SYSTEMPATH\Database\BaseBuilder.php(3505): App\Models\RoomModel->App\Models\{closure}(Object(CodeIgniter\Database\Postgre\Builder))
 3 SYSTEMPATH\Database\BaseBuilder.php(955): CodeIgniter\Database\BaseBuilder->buildSubquery(Object(CodeIgniter\Database\Postgre\Builder), true)
 4 SYSTEMPATH\Database\BaseBuilder.php(852): CodeIgniter\Database\BaseBuilder->_whereIn('"room"."id"', Object(Closure), ' NOT', 'AND ', true)
 5 APPPATH\Models\RoomModel.php(75): CodeIgniter\Database\BaseBuilder->whereNotIn('room.id', Object(Closure))
 6 APPPATH\Controllers\roles_controllers\administrator\RoomsRegisterController.php(71): App\Models\RoomModel->searchFreeRoom('0', '', '', '', '2024-02-05', '2024-01-15')
 7 SYSTEMPATH\CodeIgniter.php(942): App\Controllers\roles_controllers\administrator\RoomsRegisterController->search_room()
 8 SYSTEMPATH\CodeIgniter.php(502): CodeIgniter\CodeIgniter->runController(Object(App\Controllers\roles_controllers\administrator\RoomsRegisterController))
 9 SYSTEMPATH\CodeIgniter.php(361): CodeIgniter\CodeIgniter->handleRequest(null, Object(Config\Cache), false)
10 FCPATH\index.php(79): CodeIgniter\CodeIgniter->run()
WARNING - 2024-01-17 18:32:57 --> [DEPRECATED] pg_escape_string(): Automatic fetching of PostgreSQL connection is deprecated in APPPATH\Models\RoomModel.php on line 79.
 1 APPPATH\Models\RoomModel.php(79): pg_escape_string('2024-02-05')
 2 SYSTEMPATH\Database\BaseBuilder.php(3505): App\Models\RoomModel->App\Models\{closure}(Object(CodeIgniter\Database\Postgre\Builder))
 3 SYSTEMPATH\Database\BaseBuilder.php(955): CodeIgniter\Database\BaseBuilder->buildSubquery(Object(CodeIgniter\Database\Postgre\Builder), true)
 4 SYSTEMPATH\Database\BaseBuilder.php(852): CodeIgniter\Database\BaseBuilder->_whereIn('"room"."id"', Object(Closure), ' NOT', 'AND ', true)
 5 APPPATH\Models\RoomModel.php(75): CodeIgniter\Database\BaseBuilder->whereNotIn('room.id', Object(Closure))
 6 APPPATH\Controllers\roles_controllers\administrator\RoomsRegisterController.php(71): App\Models\RoomModel->searchFreeRoom('0', '', '', '', '2024-02-05', '2024-01-15')
 7 SYSTEMPATH\CodeIgniter.php(942): App\Controllers\roles_controllers\administrator\RoomsRegisterController->search_room()
 8 SYSTEMPATH\CodeIgniter.php(502): CodeIgniter\CodeIgniter->runController(Object(App\Controllers\roles_controllers\administrator\RoomsRegisterController))
 9 SYSTEMPATH\CodeIgniter.php(361): CodeIgniter\CodeIgniter->handleRequest(null, Object(Config\Cache), false)
10 FCPATH\index.php(79): CodeIgniter\CodeIgniter->run()
INFO - 2024-01-17 18:33:00 --> Session: Class initialized using 'CodeIgniter\Session\Handlers\FileHandler' driver.
WARNING - 2024-01-17 18:33:00 --> [DEPRECATED] pg_escape_string(): Automatic fetching of PostgreSQL connection is deprecated in APPPATH\Models\RoomModel.php on line 78.
 1 APPPATH\Models\RoomModel.php(78): pg_escape_string('2024-01-28')
 2 SYSTEMPATH\Database\BaseBuilder.php(3505): App\Models\RoomModel->App\Models\{closure}(Object(CodeIgniter\Database\Postgre\Builder))
 3 SYSTEMPATH\Database\BaseBuilder.php(955): CodeIgniter\Database\BaseBuilder->buildSubquery(Object(CodeIgniter\Database\Postgre\Builder), true)
 4 SYSTEMPATH\Database\BaseBuilder.php(852): CodeIgniter\Database\BaseBuilder->_whereIn('"room"."id"', Object(Closure), ' NOT', 'AND ', true)
 5 APPPATH\Models\RoomModel.php(75): CodeIgniter\Database\BaseBuilder->whereNotIn('room.id', Object(Closure))
 6 APPPATH\Controllers\roles_controllers\administrator\RoomsRegisterController.php(71): App\Models\RoomModel->searchFreeRoom('0', '', '', '', '2024-02-05', '2024-01-28')
 7 SYSTEMPATH\CodeIgniter.php(942): App\Controllers\roles_controllers\administrator\RoomsRegisterController->search_room()
 8 SYSTEMPATH\CodeIgniter.php(502): CodeIgniter\CodeIgniter->runController(Object(App\Controllers\roles_controllers\administrator\RoomsRegisterController))
 9 SYSTEMPATH\CodeIgniter.php(361): CodeIgniter\CodeIgniter->handleRequest(null, Object(Config\Cache), false)
10 FCPATH\index.php(79): CodeIgniter\CodeIgniter->run()
WARNING - 2024-01-17 18:33:00 --> [DEPRECATED] pg_escape_string(): Automatic fetching of PostgreSQL connection is deprecated in APPPATH\Models\RoomModel.php on line 79.
 1 APPPATH\Models\RoomModel.php(79): pg_escape_string('2024-02-05')
 2 SYSTEMPATH\Database\BaseBuilder.php(3505): App\Models\RoomModel->App\Models\{closure}(Object(CodeIgniter\Database\Postgre\Builder))
 3 SYSTEMPATH\Database\BaseBuilder.php(955): CodeIgniter\Database\BaseBuilder->buildSubquery(Object(CodeIgniter\Database\Postgre\Builder), true)
 4 SYSTEMPATH\Database\BaseBuilder.php(852): CodeIgniter\Database\BaseBuilder->_whereIn('"room"."id"', Object(Closure), ' NOT', 'AND ', true)
 5 APPPATH\Models\RoomModel.php(75): CodeIgniter\Database\BaseBuilder->whereNotIn('room.id', Object(Closure))
 6 APPPATH\Controllers\roles_controllers\administrator\RoomsRegisterController.php(71): App\Models\RoomModel->searchFreeRoom('0', '', '', '', '2024-02-05', '2024-01-28')
 7 SYSTEMPATH\CodeIgniter.php(942): App\Controllers\roles_controllers\administrator\RoomsRegisterController->search_room()
 8 SYSTEMPATH\CodeIgniter.php(502): CodeIgniter\CodeIgniter->runController(Object(App\Controllers\roles_controllers\administrator\RoomsRegisterController))
 9 SYSTEMPATH\CodeIgniter.php(361): CodeIgniter\CodeIgniter->handleRequest(null, Object(Config\Cache), false)
10 FCPATH\index.php(79): CodeIgniter\CodeIgniter->run()
INFO - 2024-01-17 18:33:07 --> Session: Class initialized using 'CodeIgniter\Session\Handlers\FileHandler' driver.
WARNING - 2024-01-17 18:33:07 --> [DEPRECATED] pg_escape_string(): Automatic fetching of PostgreSQL connection is deprecated in APPPATH\Models\CustomerModel.php on line 31.
 1 APPPATH\Models\CustomerModel.php(31): pg_escape_string('380503456789')
 2 APPPATH\Controllers\roles_controllers\administrator\RoomsRegisterController.php(61): App\Models\CustomerModel->search_customer('', '', '', '380503456789')
 3 SYSTEMPATH\CodeIgniter.php(942): App\Controllers\roles_controllers\administrator\RoomsRegisterController->phone_search()
 4 SYSTEMPATH\CodeIgniter.php(502): CodeIgniter\CodeIgniter->runController(Object(App\Controllers\roles_controllers\administrator\RoomsRegisterController))
 5 SYSTEMPATH\CodeIgniter.php(361): CodeIgniter\CodeIgniter->handleRequest(null, Object(Config\Cache), false)
 6 FCPATH\index.php(79): CodeIgniter\CodeIgniter->run()
INFO - 2024-01-17 18:42:16 --> Session: Class initialized using 'CodeIgniter\Session\Handlers\FileHandler' driver.
INFO - 2024-01-17 18:42:16 --> Session: Class initialized using 'CodeIgniter\Session\Handlers\FileHandler' driver.
INFO - 2024-01-17 18:42:23 --> Session: Class initialized using 'CodeIgniter\Session\Handlers\FileHandler' driver.
INFO - 2024-01-17 18:42:23 --> Session: Class initialized using 'CodeIgniter\Session\Handlers\FileHandler' driver.
INFO - 2024-01-17 18:42:26 --> Session: Class initialized using 'CodeIgniter\Session\Handlers\FileHandler' driver.
INFO - 2024-01-17 18:42:26 --> Session: Class initialized using 'CodeIgniter\Session\Handlers\FileHandler' driver.
INFO - 2024-01-17 18:42:27 --> Session: Class initialized using 'CodeIgniter\Session\Handlers\FileHandler' driver.
INFO - 2024-01-17 18:43:05 --> Session: Class initialized using 'CodeIgniter\Session\Handlers\FileHandler' driver.
INFO - 2024-01-17 18:43:06 --> Session: Class initialized using 'CodeIgniter\Session\Handlers\FileHandler' driver.
INFO - 2024-01-17 18:43:07 --> Session: Class initialized using 'CodeIgniter\Session\Handlers\FileHandler' driver.
INFO - 2024-01-17 18:46:23 --> Session: Class initialized using 'CodeIgniter\Session\Handlers\FileHandler' driver.
INFO - 2024-01-17 18:46:24 --> Session: Class initialized using 'CodeIgniter\Session\Handlers\FileHandler' driver.
INFO - 2024-01-17 18:48:44 --> Session: Class initialized using 'CodeIgniter\Session\Handlers\FileHandler' driver.
INFO - 2024-01-17 18:48:44 --> Session: Class initialized using 'CodeIgniter\Session\Handlers\FileHandler' driver.
INFO - 2024-01-17 18:48:48 --> Session: Class initialized using 'CodeIgniter\Session\Handlers\FileHandler' driver.
INFO - 2024-01-17 18:48:48 --> Session: Class initialized using 'CodeIgniter\Session\Handlers\FileHandler' driver.
INFO - 2024-01-17 18:48:49 --> Session: Class initialized using 'CodeIgniter\Session\Handlers\FileHandler' driver.
INFO - 2024-01-17 18:48:49 --> Session: Class initialized using 'CodeIgniter\Session\Handlers\FileHandler' driver.
INFO - 2024-01-17 18:48:50 --> Session: Class initialized using 'CodeIgniter\Session\Handlers\FileHandler' driver.
INFO - 2024-01-17 18:49:49 --> Session: Class initialized using 'CodeIgniter\Session\Handlers\FileHandler' driver.
INFO - 2024-01-17 18:49:49 --> Session: Class initialized using 'CodeIgniter\Session\Handlers\FileHandler' driver.
INFO - 2024-01-17 18:49:52 --> Session: Class initialized using 'CodeIgniter\Session\Handlers\FileHandler' driver.
INFO - 2024-01-17 18:49:52 --> Session: Class initialized using 'CodeIgniter\Session\Handlers\FileHandler' driver.
INFO - 2024-01-17 18:52:20 --> Session: Class initialized using 'CodeIgniter\Session\Handlers\FileHandler' driver.
INFO - 2024-01-17 18:52:20 --> Session: Class initialized using 'CodeIgniter\Session\Handlers\FileHandler' driver.
INFO - 2024-01-17 18:54:03 --> Session: Class initialized using 'CodeIgniter\Session\Handlers\FileHandler' driver.
WARNING - 2024-01-17 18:54:03 --> [DEPRECATED] pg_escape_string(): Automatic fetching of PostgreSQL connection is deprecated in APPPATH\Models\CustomerModel.php on line 76.
 1 APPPATH\Models\CustomerModel.php(76): pg_escape_string('Артур')
 2 APPPATH\Controllers\roles_controllers\manager\CustomersController.php(56): App\Models\CustomerModel->add_customer('Артур', 'Ремович', 'Абхулбек', '380989393829', 'Турнік')
 3 SYSTEMPATH\CodeIgniter.php(942): App\Controllers\roles_controllers\manager\CustomersController->add_customer()
 4 SYSTEMPATH\CodeIgniter.php(502): CodeIgniter\CodeIgniter->runController(Object(App\Controllers\roles_controllers\manager\CustomersController))
 5 SYSTEMPATH\CodeIgniter.php(361): CodeIgniter\CodeIgniter->handleRequest(null, Object(Config\Cache), false)
 6 FCPATH\index.php(79): CodeIgniter\CodeIgniter->run()
WARNING - 2024-01-17 18:54:03 --> [DEPRECATED] pg_escape_string(): Automatic fetching of PostgreSQL connection is deprecated in APPPATH\Models\CustomerModel.php on line 77.
 1 APPPATH\Models\CustomerModel.php(77): pg_escape_string('Ремович')
 2 APPPATH\Controllers\roles_controllers\manager\CustomersController.php(56): App\Models\CustomerModel->add_customer('Артур', 'Ремович', 'Абхулбек', '380989393829', 'Турнік')
 3 SYSTEMPATH\CodeIgniter.php(942): App\Controllers\roles_controllers\manager\CustomersController->add_customer()
 4 SYSTEMPATH\CodeIgniter.php(502): CodeIgniter\CodeIgniter->runController(Object(App\Controllers\roles_controllers\manager\CustomersController))
 5 SYSTEMPATH\CodeIgniter.php(361): CodeIgniter\CodeIgniter->handleRequest(null, Object(Config\Cache), false)
 6 FCPATH\index.php(79): CodeIgniter\CodeIgniter->run()
WARNING - 2024-01-17 18:54:03 --> [DEPRECATED] pg_escape_string(): Automatic fetching of PostgreSQL connection is deprecated in APPPATH\Models\CustomerModel.php on line 78.
 1 APPPATH\Models\CustomerModel.php(78): pg_escape_string('Абхулбек')
 2 APPPATH\Controllers\roles_controllers\manager\CustomersController.php(56): App\Models\CustomerModel->add_customer('Артур', 'Ремович', 'Абхулбек', '380989393829', 'Турнік')
 3 SYSTEMPATH\CodeIgniter.php(942): App\Controllers\roles_controllers\manager\CustomersController->add_customer()
 4 SYSTEMPATH\CodeIgniter.php(502): CodeIgniter\CodeIgniter->runController(Object(App\Controllers\roles_controllers\manager\CustomersController))
 5 SYSTEMPATH\CodeIgniter.php(361): CodeIgniter\CodeIgniter->handleRequest(null, Object(Config\Cache), false)
 6 FCPATH\index.php(79): CodeIgniter\CodeIgniter->run()
WARNING - 2024-01-17 18:54:03 --> [DEPRECATED] pg_escape_string(): Automatic fetching of PostgreSQL connection is deprecated in APPPATH\Models\CustomerModel.php on line 79.
 1 APPPATH\Models\CustomerModel.php(79): pg_escape_string('380989393829')
 2 APPPATH\Controllers\roles_controllers\manager\CustomersController.php(56): App\Models\CustomerModel->add_customer('Артур', 'Ремович', 'Абхулбек', '380989393829', 'Турнік')
 3 SYSTEMPATH\CodeIgniter.php(942): App\Controllers\roles_controllers\manager\CustomersController->add_customer()
 4 SYSTEMPATH\CodeIgniter.php(502): CodeIgniter\CodeIgniter->runController(Object(App\Controllers\roles_controllers\manager\CustomersController))
 5 SYSTEMPATH\CodeIgniter.php(361): CodeIgniter\CodeIgniter->handleRequest(null, Object(Config\Cache), false)
 6 FCPATH\index.php(79): CodeIgniter\CodeIgniter->run()
WARNING - 2024-01-17 18:54:03 --> [DEPRECATED] pg_escape_string(): Automatic fetching of PostgreSQL connection is deprecated in APPPATH\Models\CustomerModel.php on line 80.
 1 APPPATH\Models\CustomerModel.php(80): pg_escape_string('Турнік')
 2 APPPATH\Controllers\roles_controllers\manager\CustomersController.php(56): App\Models\CustomerModel->add_customer('Артур', 'Ремович', 'Абхулбек', '380989393829', 'Турнік')
 3 SYSTEMPATH\CodeIgniter.php(942): App\Controllers\roles_controllers\manager\CustomersController->add_customer()
 4 SYSTEMPATH\CodeIgniter.php(502): CodeIgniter\CodeIgniter->runController(Object(App\Controllers\roles_controllers\manager\CustomersController))
 5 SYSTEMPATH\CodeIgniter.php(361): CodeIgniter\CodeIgniter->handleRequest(null, Object(Config\Cache), false)
 6 FCPATH\index.php(79): CodeIgniter\CodeIgniter->run()
INFO - 2024-01-17 18:54:03 --> Session: Class initialized using 'CodeIgniter\Session\Handlers\FileHandler' driver.
INFO - 2024-01-17 18:54:24 --> Session: Class initialized using 'CodeIgniter\Session\Handlers\FileHandler' driver.
INFO - 2024-01-17 18:54:24 --> Session: Class initialized using 'CodeIgniter\Session\Handlers\FileHandler' driver.
INFO - 2024-01-17 18:54:25 --> Session: Class initialized using 'CodeIgniter\Session\Handlers\FileHandler' driver.
INFO - 2024-01-17 18:54:26 --> Session: Class initialized using 'CodeIgniter\Session\Handlers\FileHandler' driver.
INFO - 2024-01-17 18:54:30 --> Session: Class initialized using 'CodeIgniter\Session\Handlers\FileHandler' driver.
INFO - 2024-01-17 18:54:30 --> Session: Class initialized using 'CodeIgniter\Session\Handlers\FileHandler' driver.
INFO - 2024-01-17 18:54:31 --> Session: Class initialized using 'CodeIgniter\Session\Handlers\FileHandler' driver.
INFO - 2024-01-17 18:54:32 --> Session: Class initialized using 'CodeIgniter\Session\Handlers\FileHandler' driver.
INFO - 2024-01-17 18:54:32 --> Session: Class initialized using 'CodeIgniter\Session\Handlers\FileHandler' driver.
INFO - 2024-01-17 18:54:37 --> Session: Class initialized using 'CodeIgniter\Session\Handlers\FileHandler' driver.
INFO - 2024-01-17 18:54:44 --> Session: Class initialized using 'CodeIgniter\Session\Handlers\FileHandler' driver.
INFO - 2024-01-17 18:54:44 --> Session: Class initialized using 'CodeIgniter\Session\Handlers\FileHandler' driver.
INFO - 2024-01-17 18:54:46 --> Session: Class initialized using 'CodeIgniter\Session\Handlers\FileHandler' driver.
WARNING - 2024-01-17 18:54:46 --> [DEPRECATED] pg_escape_string(): Automatic fetching of PostgreSQL connection is deprecated in APPPATH\Models\UserModel.php on line 41.
 1 APPPATH\Models\UserModel.php(41): pg_escape_string('3')
 2 APPPATH\Controllers\roles_controllers\administrator\OrderCreateController.php(27): App\Models\UserModel->search_worker('', '', '', '', 3)
 3 SYSTEMPATH\CodeIgniter.php(942): App\Controllers\roles_controllers\administrator\OrderCreateController->index()
 4 SYSTEMPATH\CodeIgniter.php(502): CodeIgniter\CodeIgniter->runController(Object(App\Controllers\roles_controllers\administrator\OrderCreateController))
 5 SYSTEMPATH\CodeIgniter.php(361): CodeIgniter\CodeIgniter->handleRequest(null, Object(Config\Cache), false)
 6 FCPATH\index.php(79): CodeIgniter\CodeIgniter->run()
INFO - 2024-01-17 18:55:00 --> Session: Class initialized using 'CodeIgniter\Session\Handlers\FileHandler' driver.
INFO - 2024-01-17 18:55:00 --> Session: Class initialized using 'CodeIgniter\Session\Handlers\FileHandler' driver.
INFO - 2024-01-17 18:55:05 --> Session: Class initialized using 'CodeIgniter\Session\Handlers\FileHandler' driver.
WARNING - 2024-01-17 18:55:05 --> [DEPRECATED] pg_escape_string(): Automatic fetching of PostgreSQL connection is deprecated in APPPATH\Models\RoomModel.php on line 37.
 1 APPPATH\Models\RoomModel.php(37): pg_escape_string('2024-01-16')
 2 APPPATH\Controllers\roles_controllers\administrator\RoomsSearchController.php(42): App\Models\RoomModel->searchRooms('', '0', '', '', '', '2024-01-16', '2024-01-21', '')
 3 SYSTEMPATH\CodeIgniter.php(942): App\Controllers\roles_controllers\administrator\RoomsSearchController->search_room()
 4 SYSTEMPATH\CodeIgniter.php(502): CodeIgniter\CodeIgniter->runController(Object(App\Controllers\roles_controllers\administrator\RoomsSearchController))
 5 SYSTEMPATH\CodeIgniter.php(361): CodeIgniter\CodeIgniter->handleRequest(null, Object(Config\Cache), false)
 6 FCPATH\index.php(79): CodeIgniter\CodeIgniter->run()
WARNING - 2024-01-17 18:55:05 --> [DEPRECATED] pg_escape_string(): Automatic fetching of PostgreSQL connection is deprecated in APPPATH\Models\RoomModel.php on line 39.
 1 APPPATH\Models\RoomModel.php(39): pg_escape_string('2024-01-21')
 2 APPPATH\Controllers\roles_controllers\administrator\RoomsSearchController.php(42): App\Models\RoomModel->searchRooms('', '0', '', '', '', '2024-01-16', '2024-01-21', '')
 3 SYSTEMPATH\CodeIgniter.php(942): App\Controllers\roles_controllers\administrator\RoomsSearchController->search_room()
 4 SYSTEMPATH\CodeIgniter.php(502): CodeIgniter\CodeIgniter->runController(Object(App\Controllers\roles_controllers\administrator\RoomsSearchController))
 5 SYSTEMPATH\CodeIgniter.php(361): CodeIgniter\CodeIgniter->handleRequest(null, Object(Config\Cache), false)
 6 FCPATH\index.php(79): CodeIgniter\CodeIgniter->run()
INFO - 2024-01-17 18:55:18 --> Session: Class initialized using 'CodeIgniter\Session\Handlers\FileHandler' driver.
WARNING - 2024-01-17 18:55:18 --> [DEPRECATED] pg_escape_string(): Automatic fetching of PostgreSQL connection is deprecated in APPPATH\Models\RoomModel.php on line 37.
 1 APPPATH\Models\RoomModel.php(37): pg_escape_string('2024-01-01')
 2 APPPATH\Controllers\roles_controllers\administrator\RoomsSearchController.php(42): App\Models\RoomModel->searchRooms('', '0', '', '', '', '2024-01-01', '2024-01-16', '')
 3 SYSTEMPATH\CodeIgniter.php(942): App\Controllers\roles_controllers\administrator\RoomsSearchController->search_room()
 4 SYSTEMPATH\CodeIgniter.php(502): CodeIgniter\CodeIgniter->runController(Object(App\Controllers\roles_controllers\administrator\RoomsSearchController))
 5 SYSTEMPATH\CodeIgniter.php(361): CodeIgniter\CodeIgniter->handleRequest(null, Object(Config\Cache), false)
 6 FCPATH\index.php(79): CodeIgniter\CodeIgniter->run()
WARNING - 2024-01-17 18:55:18 --> [DEPRECATED] pg_escape_string(): Automatic fetching of PostgreSQL connection is deprecated in APPPATH\Models\RoomModel.php on line 39.
 1 APPPATH\Models\RoomModel.php(39): pg_escape_string('2024-01-16')
 2 APPPATH\Controllers\roles_controllers\administrator\RoomsSearchController.php(42): App\Models\RoomModel->searchRooms('', '0', '', '', '', '2024-01-01', '2024-01-16', '')
 3 SYSTEMPATH\CodeIgniter.php(942): App\Controllers\roles_controllers\administrator\RoomsSearchController->search_room()
 4 SYSTEMPATH\CodeIgniter.php(502): CodeIgniter\CodeIgniter->runController(Object(App\Controllers\roles_controllers\administrator\RoomsSearchController))
 5 SYSTEMPATH\CodeIgniter.php(361): CodeIgniter\CodeIgniter->handleRequest(null, Object(Config\Cache), false)
 6 FCPATH\index.php(79): CodeIgniter\CodeIgniter->run()
INFO - 2024-01-17 18:55:21 --> Session: Class initialized using 'CodeIgniter\Session\Handlers\FileHandler' driver.
INFO - 2024-01-17 18:55:22 --> Session: Class initialized using 'CodeIgniter\Session\Handlers\FileHandler' driver.
INFO - 2024-01-17 18:55:23 --> Session: Class initialized using 'CodeIgniter\Session\Handlers\FileHandler' driver.
INFO - 2024-01-17 18:55:24 --> Session: Class initialized using 'CodeIgniter\Session\Handlers\FileHandler' driver.
INFO - 2024-01-17 18:55:27 --> Session: Class initialized using 'CodeIgniter\Session\Handlers\FileHandler' driver.
WARNING - 2024-01-17 18:55:27 --> [DEPRECATED] pg_escape_string(): Automatic fetching of PostgreSQL connection is deprecated in APPPATH\Models\RoomModel.php on line 37.
 1 APPPATH\Models\RoomModel.php(37): pg_escape_string('2024-01-01')
 2 APPPATH\Controllers\roles_controllers\administrator\RoomsSearchController.php(42): App\Models\RoomModel->searchRooms('', '0', '', '', '', '2024-01-01', '2024-01-16', '')
 3 SYSTEMPATH\CodeIgniter.php(942): App\Controllers\roles_controllers\administrator\RoomsSearchController->search_room()
 4 SYSTEMPATH\CodeIgniter.php(502): CodeIgniter\CodeIgniter->runController(Object(App\Controllers\roles_controllers\administrator\RoomsSearchController))
 5 SYSTEMPATH\CodeIgniter.php(361): CodeIgniter\CodeIgniter->handleRequest(null, Object(Config\Cache), false)
 6 FCPATH\index.php(79): CodeIgniter\CodeIgniter->run()
WARNING - 2024-01-17 18:55:27 --> [DEPRECATED] pg_escape_string(): Automatic fetching of PostgreSQL connection is deprecated in APPPATH\Models\RoomModel.php on line 39.
 1 APPPATH\Models\RoomModel.php(39): pg_escape_string('2024-01-16')
 2 APPPATH\Controllers\roles_controllers\administrator\RoomsSearchController.php(42): App\Models\RoomModel->searchRooms('', '0', '', '', '', '2024-01-01', '2024-01-16', '')
 3 SYSTEMPATH\CodeIgniter.php(942): App\Controllers\roles_controllers\administrator\RoomsSearchController->search_room()
 4 SYSTEMPATH\CodeIgniter.php(502): CodeIgniter\CodeIgniter->runController(Object(App\Controllers\roles_controllers\administrator\RoomsSearchController))
 5 SYSTEMPATH\CodeIgniter.php(361): CodeIgniter\CodeIgniter->handleRequest(null, Object(Config\Cache), false)
 6 FCPATH\index.php(79): CodeIgniter\CodeIgniter->run()
INFO - 2024-01-17 18:55:28 --> Session: Class initialized using 'CodeIgniter\Session\Handlers\FileHandler' driver.
INFO - 2024-01-17 18:55:29 --> Session: Class initialized using 'CodeIgniter\Session\Handlers\FileHandler' driver.
INFO - 2024-01-17 18:55:39 --> Session: Class initialized using 'CodeIgniter\Session\Handlers\FileHandler' driver.
WARNING - 2024-01-17 18:55:39 --> [DEPRECATED] pg_escape_string(): Automatic fetching of PostgreSQL connection is deprecated in APPPATH\Models\CustomerModel.php on line 31.
 1 APPPATH\Models\CustomerModel.php(31): pg_escape_string('380503456789')
 2 APPPATH\Controllers\roles_controllers\administrator\RoomsRegisterController.php(61): App\Models\CustomerModel->search_customer('', '', '', '380503456789')
 3 SYSTEMPATH\CodeIgniter.php(942): App\Controllers\roles_controllers\administrator\RoomsRegisterController->phone_search()
 4 SYSTEMPATH\CodeIgniter.php(502): CodeIgniter\CodeIgniter->runController(Object(App\Controllers\roles_controllers\administrator\RoomsRegisterController))
 5 SYSTEMPATH\CodeIgniter.php(361): CodeIgniter\CodeIgniter->handleRequest(null, Object(Config\Cache), false)
 6 FCPATH\index.php(79): CodeIgniter\CodeIgniter->run()
INFO - 2024-01-17 18:55:41 --> Session: Class initialized using 'CodeIgniter\Session\Handlers\FileHandler' driver.
INFO - 2024-01-17 18:55:43 --> Session: Class initialized using 'CodeIgniter\Session\Handlers\FileHandler' driver.
WARNING - 2024-01-17 18:55:43 --> [DEPRECATED] pg_escape_string(): Automatic fetching of PostgreSQL connection is deprecated in APPPATH\Models\RoomModel.php on line 78.
 1 APPPATH\Models\RoomModel.php(78): pg_escape_string('2024-01-21')
 2 SYSTEMPATH\Database\BaseBuilder.php(3505): App\Models\RoomModel->App\Models\{closure}(Object(CodeIgniter\Database\Postgre\Builder))
 3 SYSTEMPATH\Database\BaseBuilder.php(955): CodeIgniter\Database\BaseBuilder->buildSubquery(Object(CodeIgniter\Database\Postgre\Builder), true)
 4 SYSTEMPATH\Database\BaseBuilder.php(852): CodeIgniter\Database\BaseBuilder->_whereIn('"room"."id"', Object(Closure), ' NOT', 'AND ', true)
 5 APPPATH\Models\RoomModel.php(75): CodeIgniter\Database\BaseBuilder->whereNotIn('room.id', Object(Closure))
 6 APPPATH\Controllers\roles_controllers\administrator\RoomsRegisterController.php(71): App\Models\RoomModel->searchFreeRoom('0', '', '', '', '2024-01-15', '2024-01-21')
 7 SYSTEMPATH\CodeIgniter.php(942): App\Controllers\roles_controllers\administrator\RoomsRegisterController->search_room()
 8 SYSTEMPATH\CodeIgniter.php(502): CodeIgniter\CodeIgniter->runController(Object(App\Controllers\roles_controllers\administrator\RoomsRegisterController))
 9 SYSTEMPATH\CodeIgniter.php(361): CodeIgniter\CodeIgniter->handleRequest(null, Object(Config\Cache), false)
10 FCPATH\index.php(79): CodeIgniter\CodeIgniter->run()
WARNING - 2024-01-17 18:55:43 --> [DEPRECATED] pg_escape_string(): Automatic fetching of PostgreSQL connection is deprecated in APPPATH\Models\RoomModel.php on line 79.
 1 APPPATH\Models\RoomModel.php(79): pg_escape_string('2024-01-15')
 2 SYSTEMPATH\Database\BaseBuilder.php(3505): App\Models\RoomModel->App\Models\{closure}(Object(CodeIgniter\Database\Postgre\Builder))
 3 SYSTEMPATH\Database\BaseBuilder.php(955): CodeIgniter\Database\BaseBuilder->buildSubquery(Object(CodeIgniter\Database\Postgre\Builder), true)
 4 SYSTEMPATH\Database\BaseBuilder.php(852): CodeIgniter\Database\BaseBuilder->_whereIn('"room"."id"', Object(Closure), ' NOT', 'AND ', true)
 5 APPPATH\Models\RoomModel.php(75): CodeIgniter\Database\BaseBuilder->whereNotIn('room.id', Object(Closure))
 6 APPPATH\Controllers\roles_controllers\administrator\RoomsRegisterController.php(71): App\Models\RoomModel->searchFreeRoom('0', '', '', '', '2024-01-15', '2024-01-21')
 7 SYSTEMPATH\CodeIgniter.php(942): App\Controllers\roles_controllers\administrator\RoomsRegisterController->search_room()
 8 SYSTEMPATH\CodeIgniter.php(502): CodeIgniter\CodeIgniter->runController(Object(App\Controllers\roles_controllers\administrator\RoomsRegisterController))
 9 SYSTEMPATH\CodeIgniter.php(361): CodeIgniter\CodeIgniter->handleRequest(null, Object(Config\Cache), false)
10 FCPATH\index.php(79): CodeIgniter\CodeIgniter->run()
INFO - 2024-01-17 18:55:46 --> Session: Class initialized using 'CodeIgniter\Session\Handlers\FileHandler' driver.
WARNING - 2024-01-17 18:55:46 --> [DEPRECATED] pg_escape_string(): Automatic fetching of PostgreSQL connection is deprecated in APPPATH\Models\CustomerModel.php on line 31.
 1 APPPATH\Models\CustomerModel.php(31): pg_escape_string('380503456789')
 2 APPPATH\Controllers\roles_controllers\administrator\RoomsRegisterController.php(83): App\Models\CustomerModel->search_customer('', '', '', '380503456789')
 3 SYSTEMPATH\CodeIgniter.php(942): App\Controllers\roles_controllers\administrator\RoomsRegisterController->add_settlement()
 4 SYSTEMPATH\CodeIgniter.php(502): CodeIgniter\CodeIgniter->runController(Object(App\Controllers\roles_controllers\administrator\RoomsRegisterController))
 5 SYSTEMPATH\CodeIgniter.php(361): CodeIgniter\CodeIgniter->handleRequest(null, Object(Config\Cache), false)
 6 FCPATH\index.php(79): CodeIgniter\CodeIgniter->run()
WARNING - 2024-01-17 18:55:46 --> [DEPRECATED] pg_escape_string(): Automatic fetching of PostgreSQL connection is deprecated in APPPATH\Models\SettlementModel.php on line 33.
 1 APPPATH\Models\SettlementModel.php(33): pg_escape_string('22')
 2 APPPATH\Controllers\roles_controllers\administrator\RoomsRegisterController.php(85): App\Models\SettlementModel->addSettlement('22', '47', '2024-01-15', '2024-01-21', '')
 3 SYSTEMPATH\CodeIgniter.php(942): App\Controllers\roles_controllers\administrator\RoomsRegisterController->add_settlement()
 4 SYSTEMPATH\CodeIgniter.php(502): CodeIgniter\CodeIgniter->runController(Object(App\Controllers\roles_controllers\administrator\RoomsRegisterController))
 5 SYSTEMPATH\CodeIgniter.php(361): CodeIgniter\CodeIgniter->handleRequest(null, Object(Config\Cache), false)
 6 FCPATH\index.php(79): CodeIgniter\CodeIgniter->run()
WARNING - 2024-01-17 18:55:46 --> [DEPRECATED] pg_escape_string(): Automatic fetching of PostgreSQL connection is deprecated in APPPATH\Models\SettlementModel.php on line 34.
 1 APPPATH\Models\SettlementModel.php(34): pg_escape_string('47')
 2 APPPATH\Controllers\roles_controllers\administrator\RoomsRegisterController.php(85): App\Models\SettlementModel->addSettlement('22', '47', '2024-01-15', '2024-01-21', '')
 3 SYSTEMPATH\CodeIgniter.php(942): App\Controllers\roles_controllers\administrator\RoomsRegisterController->add_settlement()
 4 SYSTEMPATH\CodeIgniter.php(502): CodeIgniter\CodeIgniter->runController(Object(App\Controllers\roles_controllers\administrator\RoomsRegisterController))
 5 SYSTEMPATH\CodeIgniter.php(361): CodeIgniter\CodeIgniter->handleRequest(null, Object(Config\Cache), false)
 6 FCPATH\index.php(79): CodeIgniter\CodeIgniter->run()
WARNING - 2024-01-17 18:55:46 --> [DEPRECATED] pg_escape_string(): Automatic fetching of PostgreSQL connection is deprecated in APPPATH\Models\SettlementModel.php on line 35.
 1 APPPATH\Models\SettlementModel.php(35): pg_escape_string('2024-01-15')
 2 APPPATH\Controllers\roles_controllers\administrator\RoomsRegisterController.php(85): App\Models\SettlementModel->addSettlement('22', '47', '2024-01-15', '2024-01-21', '')
 3 SYSTEMPATH\CodeIgniter.php(942): App\Controllers\roles_controllers\administrator\RoomsRegisterController->add_settlement()
 4 SYSTEMPATH\CodeIgniter.php(502): CodeIgniter\CodeIgniter->runController(Object(App\Controllers\roles_controllers\administrator\RoomsRegisterController))
 5 SYSTEMPATH\CodeIgniter.php(361): CodeIgniter\CodeIgniter->handleRequest(null, Object(Config\Cache), false)
 6 FCPATH\index.php(79): CodeIgniter\CodeIgniter->run()
WARNING - 2024-01-17 18:55:46 --> [DEPRECATED] pg_escape_string(): Automatic fetching of PostgreSQL connection is deprecated in APPPATH\Models\SettlementModel.php on line 36.
 1 APPPATH\Models\SettlementModel.php(36): pg_escape_string('2024-01-21')
 2 APPPATH\Controllers\roles_controllers\administrator\RoomsRegisterController.php(85): App\Models\SettlementModel->addSettlement('22', '47', '2024-01-15', '2024-01-21', '')
 3 SYSTEMPATH\CodeIgniter.php(942): App\Controllers\roles_controllers\administrator\RoomsRegisterController->add_settlement()
 4 SYSTEMPATH\CodeIgniter.php(502): CodeIgniter\CodeIgniter->runController(Object(App\Controllers\roles_controllers\administrator\RoomsRegisterController))
 5 SYSTEMPATH\CodeIgniter.php(361): CodeIgniter\CodeIgniter->handleRequest(null, Object(Config\Cache), false)
 6 FCPATH\index.php(79): CodeIgniter\CodeIgniter->run()
WARNING - 2024-01-17 18:55:46 --> [DEPRECATED] pg_escape_string(): Automatic fetching of PostgreSQL connection is deprecated in APPPATH\Models\SettlementModel.php on line 37.
 1 APPPATH\Models\SettlementModel.php(37): pg_escape_string('')
 2 APPPATH\Controllers\roles_controllers\administrator\RoomsRegisterController.php(85): App\Models\SettlementModel->addSettlement('22', '47', '2024-01-15', '2024-01-21', '')
 3 SYSTEMPATH\CodeIgniter.php(942): App\Controllers\roles_controllers\administrator\RoomsRegisterController->add_settlement()
 4 SYSTEMPATH\CodeIgniter.php(502): CodeIgniter\CodeIgniter->runController(Object(App\Controllers\roles_controllers\administrator\RoomsRegisterController))
 5 SYSTEMPATH\CodeIgniter.php(361): CodeIgniter\CodeIgniter->handleRequest(null, Object(Config\Cache), false)
 6 FCPATH\index.php(79): CodeIgniter\CodeIgniter->run()
INFO - 2024-01-17 18:55:46 --> Session: Class initialized using 'CodeIgniter\Session\Handlers\FileHandler' driver.
WARNING - 2024-01-17 18:55:46 --> [DEPRECATED] pg_escape_string(): Automatic fetching of PostgreSQL connection is deprecated in APPPATH\Models\RoomModel.php on line 78.
 1 APPPATH\Models\RoomModel.php(78): pg_escape_string('2024-01-21')
 2 SYSTEMPATH\Database\BaseBuilder.php(3505): App\Models\RoomModel->App\Models\{closure}(Object(CodeIgniter\Database\Postgre\Builder))
 3 SYSTEMPATH\Database\BaseBuilder.php(955): CodeIgniter\Database\BaseBuilder->buildSubquery(Object(CodeIgniter\Database\Postgre\Builder), true)
 4 SYSTEMPATH\Database\BaseBuilder.php(852): CodeIgniter\Database\BaseBuilder->_whereIn('"room"."id"', Object(Closure), ' NOT', 'AND ', true)
 5 APPPATH\Models\RoomModel.php(75): CodeIgniter\Database\BaseBuilder->whereNotIn('room.id', Object(Closure))
 6 APPPATH\Controllers\roles_controllers\administrator\RoomsRegisterController.php(71): App\Models\RoomModel->searchFreeRoom('0', '', '', '', '2024-01-15', '2024-01-21')
 7 SYSTEMPATH\CodeIgniter.php(942): App\Controllers\roles_controllers\administrator\RoomsRegisterController->search_room()
 8 SYSTEMPATH\CodeIgniter.php(502): CodeIgniter\CodeIgniter->runController(Object(App\Controllers\roles_controllers\administrator\RoomsRegisterController))
 9 SYSTEMPATH\CodeIgniter.php(361): CodeIgniter\CodeIgniter->handleRequest(null, Object(Config\Cache), false)
10 FCPATH\index.php(79): CodeIgniter\CodeIgniter->run()
WARNING - 2024-01-17 18:55:46 --> [DEPRECATED] pg_escape_string(): Automatic fetching of PostgreSQL connection is deprecated in APPPATH\Models\RoomModel.php on line 79.
 1 APPPATH\Models\RoomModel.php(79): pg_escape_string('2024-01-15')
 2 SYSTEMPATH\Database\BaseBuilder.php(3505): App\Models\RoomModel->App\Models\{closure}(Object(CodeIgniter\Database\Postgre\Builder))
 3 SYSTEMPATH\Database\BaseBuilder.php(955): CodeIgniter\Database\BaseBuilder->buildSubquery(Object(CodeIgniter\Database\Postgre\Builder), true)
 4 SYSTEMPATH\Database\BaseBuilder.php(852): CodeIgniter\Database\BaseBuilder->_whereIn('"room"."id"', Object(Closure), ' NOT', 'AND ', true)
 5 APPPATH\Models\RoomModel.php(75): CodeIgniter\Database\BaseBuilder->whereNotIn('room.id', Object(Closure))
 6 APPPATH\Controllers\roles_controllers\administrator\RoomsRegisterController.php(71): App\Models\RoomModel->searchFreeRoom('0', '', '', '', '2024-01-15', '2024-01-21')
 7 SYSTEMPATH\CodeIgniter.php(942): App\Controllers\roles_controllers\administrator\RoomsRegisterController->search_room()
 8 SYSTEMPATH\CodeIgniter.php(502): CodeIgniter\CodeIgniter->runController(Object(App\Controllers\roles_controllers\administrator\RoomsRegisterController))
 9 SYSTEMPATH\CodeIgniter.php(361): CodeIgniter\CodeIgniter->handleRequest(null, Object(Config\Cache), false)
10 FCPATH\index.php(79): CodeIgniter\CodeIgniter->run()
INFO - 2024-01-17 18:55:48 --> Session: Class initialized using 'CodeIgniter\Session\Handlers\FileHandler' driver.
INFO - 2024-01-17 18:55:48 --> Session: Class initialized using 'CodeIgniter\Session\Handlers\FileHandler' driver.
INFO - 2024-01-17 18:56:01 --> Session: Class initialized using 'CodeIgniter\Session\Handlers\FileHandler' driver.
INFO - 2024-01-17 18:56:06 --> Session: Class initialized using 'CodeIgniter\Session\Handlers\FileHandler' driver.
WARNING - 2024-01-17 18:56:06 --> [DEPRECATED] pg_escape_string(): Automatic fetching of PostgreSQL connection is deprecated in APPPATH\Models\RoomModel.php on line 37.
 1 APPPATH\Models\RoomModel.php(37): pg_escape_string('2024-01-15')
 2 APPPATH\Controllers\roles_controllers\administrator\RoomsSearchController.php(42): App\Models\RoomModel->searchRooms('', '0', '', '', '', '2024-01-15', '2024-01-21', 'armor')
 3 SYSTEMPATH\CodeIgniter.php(942): App\Controllers\roles_controllers\administrator\RoomsSearchController->search_room()
 4 SYSTEMPATH\CodeIgniter.php(502): CodeIgniter\CodeIgniter->runController(Object(App\Controllers\roles_controllers\administrator\RoomsSearchController))
 5 SYSTEMPATH\CodeIgniter.php(361): CodeIgniter\CodeIgniter->handleRequest(null, Object(Config\Cache), false)
 6 FCPATH\index.php(79): CodeIgniter\CodeIgniter->run()
WARNING - 2024-01-17 18:56:06 --> [DEPRECATED] pg_escape_string(): Automatic fetching of PostgreSQL connection is deprecated in APPPATH\Models\RoomModel.php on line 39.
 1 APPPATH\Models\RoomModel.php(39): pg_escape_string('2024-01-21')
 2 APPPATH\Controllers\roles_controllers\administrator\RoomsSearchController.php(42): App\Models\RoomModel->searchRooms('', '0', '', '', '', '2024-01-15', '2024-01-21', 'armor')
 3 SYSTEMPATH\CodeIgniter.php(942): App\Controllers\roles_controllers\administrator\RoomsSearchController->search_room()
 4 SYSTEMPATH\CodeIgniter.php(502): CodeIgniter\CodeIgniter->runController(Object(App\Controllers\roles_controllers\administrator\RoomsSearchController))
 5 SYSTEMPATH\CodeIgniter.php(361): CodeIgniter\CodeIgniter->handleRequest(null, Object(Config\Cache), false)
 6 FCPATH\index.php(79): CodeIgniter\CodeIgniter->run()
INFO - 2024-01-17 18:56:08 --> Session: Class initialized using 'CodeIgniter\Session\Handlers\FileHandler' driver.
INFO - 2024-01-17 18:56:12 --> Session: Class initialized using 'CodeIgniter\Session\Handlers\FileHandler' driver.
INFO - 2024-01-17 18:56:12 --> Session: Class initialized using 'CodeIgniter\Session\Handlers\FileHandler' driver.
INFO - 2024-01-17 18:56:13 --> Session: Class initialized using 'CodeIgniter\Session\Handlers\FileHandler' driver.
WARNING - 2024-01-17 18:56:13 --> [DEPRECATED] pg_escape_string(): Automatic fetching of PostgreSQL connection is deprecated in APPPATH\Models\UserModel.php on line 41.
 1 APPPATH\Models\UserModel.php(41): pg_escape_string('3')
 2 APPPATH\Controllers\roles_controllers\administrator\OrderCreateController.php(27): App\Models\UserModel->search_worker('', '', '', '', 3)
 3 SYSTEMPATH\CodeIgniter.php(942): App\Controllers\roles_controllers\administrator\OrderCreateController->index()
 4 SYSTEMPATH\CodeIgniter.php(502): CodeIgniter\CodeIgniter->runController(Object(App\Controllers\roles_controllers\administrator\OrderCreateController))
 5 SYSTEMPATH\CodeIgniter.php(361): CodeIgniter\CodeIgniter->handleRequest(null, Object(Config\Cache), false)
 6 FCPATH\index.php(79): CodeIgniter\CodeIgniter->run()
INFO - 2024-01-17 18:56:50 --> Session: Class initialized using 'CodeIgniter\Session\Handlers\FileHandler' driver.
WARNING - 2024-01-17 18:56:50 --> [DEPRECATED] pg_escape_string(): Automatic fetching of PostgreSQL connection is deprecated in APPPATH\Models\RoomModel.php on line 106.
 1 APPPATH\Models\RoomModel.php(106): pg_escape_string('122')
 2 APPPATH\Controllers\roles_controllers\administrator\OrderCreateController.php(52): App\Models\RoomModel->getInfo('122', 0, null, null, null)
 3 SYSTEMPATH\CodeIgniter.php(942): App\Controllers\roles_controllers\administrator\OrderCreateController->create_order()
 4 SYSTEMPATH\CodeIgniter.php(502): CodeIgniter\CodeIgniter->runController(Object(App\Controllers\roles_controllers\administrator\OrderCreateController))
 5 SYSTEMPATH\CodeIgniter.php(361): CodeIgniter\CodeIgniter->handleRequest(null, Object(Config\Cache), false)
 6 FCPATH\index.php(79): CodeIgniter\CodeIgniter->run()
INFO - 2024-01-17 18:56:50 --> Session: Class initialized using 'CodeIgniter\Session\Handlers\FileHandler' driver.
INFO - 2024-01-17 18:56:51 --> Session: Class initialized using 'CodeIgniter\Session\Handlers\FileHandler' driver.
INFO - 2024-01-17 18:56:54 --> Session: Class initialized using 'CodeIgniter\Session\Handlers\FileHandler' driver.
INFO - 2024-01-17 18:56:55 --> Session: Class initialized using 'CodeIgniter\Session\Handlers\FileHandler' driver.
INFO - 2024-01-17 18:56:56 --> Session: Class initialized using 'CodeIgniter\Session\Handlers\FileHandler' driver.
INFO - 2024-01-17 18:56:57 --> Session: Class initialized using 'CodeIgniter\Session\Handlers\FileHandler' driver.
WARNING - 2024-01-17 18:56:58 --> [DEPRECATED] pg_escape_string(): Automatic fetching of PostgreSQL connection is deprecated in APPPATH\Models\UserModel.php on line 41.
 1 APPPATH\Models\UserModel.php(41): pg_escape_string('3')
 2 APPPATH\Controllers\roles_controllers\administrator\OrderCreateController.php(27): App\Models\UserModel->search_worker('', '', '', '', 3)
 3 SYSTEMPATH\CodeIgniter.php(942): App\Controllers\roles_controllers\administrator\OrderCreateController->index()
 4 SYSTEMPATH\CodeIgniter.php(502): CodeIgniter\CodeIgniter->runController(Object(App\Controllers\roles_controllers\administrator\OrderCreateController))
 5 SYSTEMPATH\CodeIgniter.php(361): CodeIgniter\CodeIgniter->handleRequest(null, Object(Config\Cache), false)
 6 FCPATH\index.php(79): CodeIgniter\CodeIgniter->run()
INFO - 2024-01-17 19:06:53 --> Session: Class initialized using 'CodeIgniter\Session\Handlers\FileHandler' driver.
INFO - 2024-01-17 19:06:53 --> Session: Class initialized using 'CodeIgniter\Session\Handlers\FileHandler' driver.
INFO - 2024-01-17 19:06:57 --> Session: Class initialized using 'CodeIgniter\Session\Handlers\FileHandler' driver.
INFO - 2024-01-17 19:06:57 --> Session: Class initialized using 'CodeIgniter\Session\Handlers\FileHandler' driver.
INFO - 2024-01-17 19:06:58 --> Session: Class initialized using 'CodeIgniter\Session\Handlers\FileHandler' driver.
INFO - 2024-01-17 19:21:06 --> Session: Class initialized using 'CodeIgniter\Session\Handlers\FileHandler' driver.
INFO - 2024-01-17 19:21:07 --> Session: Class initialized using 'CodeIgniter\Session\Handlers\FileHandler' driver.
INFO - 2024-01-17 19:21:09 --> Session: Class initialized using 'CodeIgniter\Session\Handlers\FileHandler' driver.
INFO - 2024-01-17 19:21:09 --> Session: Class initialized using 'CodeIgniter\Session\Handlers\FileHandler' driver.
INFO - 2024-01-17 19:21:10 --> Session: Class initialized using 'CodeIgniter\Session\Handlers\FileHandler' driver.
INFO - 2024-01-17 19:34:23 --> Session: Class initialized using 'CodeIgniter\Session\Handlers\FileHandler' driver.
INFO - 2024-01-17 19:34:23 --> Session: Class initialized using 'CodeIgniter\Session\Handlers\FileHandler' driver.
INFO - 2024-01-17 19:34:28 --> Session: Class initialized using 'CodeIgniter\Session\Handlers\FileHandler' driver.
INFO - 2024-01-17 19:34:28 --> Session: Class initialized using 'CodeIgniter\Session\Handlers\FileHandler' driver.
INFO - 2024-01-17 19:34:29 --> Session: Class initialized using 'CodeIgniter\Session\Handlers\FileHandler' driver.
INFO - 2024-01-17 19:34:32 --> Session: Class initialized using 'CodeIgniter\Session\Handlers\FileHandler' driver.
INFO - 2024-01-17 19:34:32 --> Session: Class initialized using 'CodeIgniter\Session\Handlers\FileHandler' driver.
