CRITICAL - 2023-12-06 19:19:48 --> Class "App\Controllers\CI_Controller" not found
in APPPATH\Controllers\LoginControler.php on line 7.
 1 SYSTEMPATH\Autoloader\Autoloader.php(312): include_once()
 2 SYSTEMPATH\Autoloader\Autoloader.php(291): CodeIgniter\Autoloader\Autoloader->includeFile('D:\\curs_server\\web_p\\app\\Controllers\\LoginControler.php')
 3 SYSTEMPATH\Autoloader\Autoloader.php(269): CodeIgniter\Autoloader\Autoloader->loadInNamespace('App\\Controllers\\LoginControler')
 4 [internal function]: CodeIgniter\Autoloader\Autoloader->loadClass('App\\Controllers\\LoginControler')
 5 SYSTEMPATH\CodeIgniter.php(900): class_exists('\\App\\Controllers\\LoginControler', true)
 6 SYSTEMPATH\CodeIgniter.php(489): CodeIgniter\CodeIgniter->startController()
 7 SYSTEMPATH\CodeIgniter.php(361): CodeIgniter\CodeIgniter->handleRequest(null, Object(Config\Cache), false)
 8 FCPATH\index.php(79): CodeIgniter\CodeIgniter->run()
CRITICAL - 2023-12-06 19:22:18 --> Class "App\Controllers\CI_Controller" not found
in APPPATH\Controllers\LoginControler.php on line 7.
 1 SYSTEMPATH\Autoloader\Autoloader.php(312): include_once()
 2 SYSTEMPATH\Autoloader\Autoloader.php(291): CodeIgniter\Autoloader\Autoloader->includeFile('D:\\curs_server\\web_p\\app\\Controllers\\LoginControler.php')
 3 SYSTEMPATH\Autoloader\Autoloader.php(269): CodeIgniter\Autoloader\Autoloader->loadInNamespace('App\\Controllers\\LoginControler')
 4 [internal function]: CodeIgniter\Autoloader\Autoloader->loadClass('App\\Controllers\\LoginControler')
 5 SYSTEMPATH\CodeIgniter.php(900): class_exists('\\App\\Controllers\\LoginControler', true)
 6 SYSTEMPATH\CodeIgniter.php(489): CodeIgniter\CodeIgniter->startController()
 7 SYSTEMPATH\CodeIgniter.php(361): CodeIgniter\CodeIgniter->handleRequest(null, Object(Config\Cache), false)
 8 FCPATH\index.php(79): CodeIgniter\CodeIgniter->run()
CRITICAL - 2023-12-06 19:30:00 --> Class "App\Controllers\CI_Controller" not found
in APPPATH\Controllers\LoginControler.php on line 7.
 1 SYSTEMPATH\Autoloader\Autoloader.php(312): include_once()
 2 SYSTEMPATH\Autoloader\Autoloader.php(291): CodeIgniter\Autoloader\Autoloader->includeFile('D:\\curs_server\\web_p\\app\\Controllers\\LoginControler.php')
 3 SYSTEMPATH\Autoloader\Autoloader.php(269): CodeIgniter\Autoloader\Autoloader->loadInNamespace('App\\Controllers\\LoginControler')
 4 [internal function]: CodeIgniter\Autoloader\Autoloader->loadClass('App\\Controllers\\LoginControler')
 5 SYSTEMPATH\CodeIgniter.php(900): class_exists('\\App\\Controllers\\LoginControler', true)
 6 SYSTEMPATH\CodeIgniter.php(489): CodeIgniter\CodeIgniter->startController()
 7 SYSTEMPATH\CodeIgniter.php(361): CodeIgniter\CodeIgniter->handleRequest(null, Object(Config\Cache), false)
 8 FCPATH\index.php(79): CodeIgniter\CodeIgniter->run()
CRITICAL - 2023-12-06 19:43:24 --> Class "App\Controllers\BaseController" not found
in APPPATH\Controllers\LoginControler.php on line 3.
 1 SYSTEMPATH\Autoloader\Autoloader.php(312): include_once()
 2 SYSTEMPATH\Autoloader\Autoloader.php(291): CodeIgniter\Autoloader\Autoloader->includeFile('D:\\curs_server\\web_p\\app\\Controllers\\LoginControler.php')
 3 SYSTEMPATH\Autoloader\Autoloader.php(269): CodeIgniter\Autoloader\Autoloader->loadInNamespace('App\\Controllers\\LoginControler')
 4 [internal function]: CodeIgniter\Autoloader\Autoloader->loadClass('App\\Controllers\\LoginControler')
 5 SYSTEMPATH\CodeIgniter.php(900): class_exists('\\App\\Controllers\\LoginControler', true)
 6 SYSTEMPATH\CodeIgniter.php(489): CodeIgniter\CodeIgniter->startController()
 7 SYSTEMPATH\CodeIgniter.php(361): CodeIgniter\CodeIgniter->handleRequest(null, Object(Config\Cache), false)
 8 FCPATH\index.php(79): CodeIgniter\CodeIgniter->run()
CRITICAL - 2023-12-06 19:43:59 --> Class "App\Controllers\BaseController" not found
in APPPATH\Controllers\LoginControler.php on line 3.
 1 SYSTEMPATH\Autoloader\Autoloader.php(312): include_once()
 2 SYSTEMPATH\Autoloader\Autoloader.php(291): CodeIgniter\Autoloader\Autoloader->includeFile('D:\\curs_server\\web_p\\app\\Controllers\\LoginControler.php')
 3 SYSTEMPATH\Autoloader\Autoloader.php(269): CodeIgniter\Autoloader\Autoloader->loadInNamespace('App\\Controllers\\LoginControler')
 4 [internal function]: CodeIgniter\Autoloader\Autoloader->loadClass('App\\Controllers\\LoginControler')
 5 SYSTEMPATH\CodeIgniter.php(900): class_exists('\\App\\Controllers\\LoginControler', true)
 6 SYSTEMPATH\CodeIgniter.php(489): CodeIgniter\CodeIgniter->startController()
 7 SYSTEMPATH\CodeIgniter.php(361): CodeIgniter\CodeIgniter->handleRequest(null, Object(Config\Cache), false)
 8 FCPATH\index.php(79): CodeIgniter\CodeIgniter->run()
CRITICAL - 2023-12-06 19:49:05 --> Invalid file: "welcome_message.php"
in SYSTEMPATH\Exceptions\FrameworkException.php on line 39.
 1 SYSTEMPATH\View\View.php(216): CodeIgniter\Exceptions\FrameworkException::forInvalidFile('welcome_message.php')
 2 SYSTEMPATH\Common.php(1190): CodeIgniter\View\View->render('welcome_message', [], true)
 3 APPPATH\Controllers\Home.php(9): view('welcome_message')
 4 SYSTEMPATH\CodeIgniter.php(942): App\Controllers\Home->index()
 5 SYSTEMPATH\CodeIgniter.php(502): CodeIgniter\CodeIgniter->runController(Object(App\Controllers\Home))
 6 SYSTEMPATH\CodeIgniter.php(361): CodeIgniter\CodeIgniter->handleRequest(null, Object(Config\Cache), false)
 7 FCPATH\index.php(79): CodeIgniter\CodeIgniter->run()
CRITICAL - 2023-12-06 19:50:14 --> Invalid file: "welcome_message.php"
in SYSTEMPATH\Exceptions\FrameworkException.php on line 39.
 1 SYSTEMPATH\View\View.php(216): CodeIgniter\Exceptions\FrameworkException::forInvalidFile('welcome_message.php')
 2 SYSTEMPATH\Common.php(1190): CodeIgniter\View\View->render('welcome_message', [], true)
 3 APPPATH\Controllers\Home.php(9): view('welcome_message')
 4 SYSTEMPATH\CodeIgniter.php(942): App\Controllers\Home->index()
 5 SYSTEMPATH\CodeIgniter.php(502): CodeIgniter\CodeIgniter->runController(Object(App\Controllers\Home))
 6 SYSTEMPATH\CodeIgniter.php(361): CodeIgniter\CodeIgniter->handleRequest(null, Object(Config\Cache), false)
 7 FCPATH\index.php(79): CodeIgniter\CodeIgniter->run()
CRITICAL - 2023-12-06 19:50:37 --> Invalid file: "login.php"
in SYSTEMPATH\Exceptions\FrameworkException.php on line 39.
 1 SYSTEMPATH\View\View.php(216): CodeIgniter\Exceptions\FrameworkException::forInvalidFile('login.php')
 2 SYSTEMPATH\Common.php(1190): CodeIgniter\View\View->render('login', [], true)
 3 APPPATH\Controllers\AuthController.php(7): view('login')
 4 SYSTEMPATH\CodeIgniter.php(942): App\Controllers\AuthController->index()
 5 SYSTEMPATH\CodeIgniter.php(502): CodeIgniter\CodeIgniter->runController(Object(App\Controllers\AuthController))
 6 SYSTEMPATH\CodeIgniter.php(361): CodeIgniter\CodeIgniter->handleRequest(null, Object(Config\Cache), false)
 7 FCPATH\index.php(79): CodeIgniter\CodeIgniter->run()
CRITICAL - 2023-12-06 20:04:27 --> Undefined property: App\Controllers\AuthController::$load
in APPPATH\Controllers\AuthController.php on line 7.
 1 APPPATH\Controllers\AuthController.php(7): CodeIgniter\Debug\Exceptions->errorHandler(2, 'Undefined property: App\\Controllers\\AuthController::$load', 'D:\\curs_server\\web_p\\app\\Controllers\\AuthController.php', 7)
 2 SYSTEMPATH\CodeIgniter.php(942): App\Controllers\AuthController->index()
 3 SYSTEMPATH\CodeIgniter.php(502): CodeIgniter\CodeIgniter->runController(Object(App\Controllers\AuthController))
 4 SYSTEMPATH\CodeIgniter.php(361): CodeIgniter\CodeIgniter->handleRequest(null, Object(Config\Cache), false)
 5 FCPATH\index.php(79): CodeIgniter\CodeIgniter->run()
CRITICAL - 2023-12-06 20:05:20 --> Class "CodeIgniter\Database\PostgreSQL\Connection" not found
in SYSTEMPATH\Database\Database.php on line 137.
 1 SYSTEMPATH\Database\Database.php(55): CodeIgniter\Database\Database->initDriver('PostgreSQL', 'Connection', [...])
 2 SYSTEMPATH\Database\Config.php(83): CodeIgniter\Database\Database->load([...], 'default')
 3 APPPATH\Controllers\AuthController.php(7): CodeIgniter\Database\Config::connect()
 4 SYSTEMPATH\CodeIgniter.php(942): App\Controllers\AuthController->index()
 5 SYSTEMPATH\CodeIgniter.php(502): CodeIgniter\CodeIgniter->runController(Object(App\Controllers\AuthController))
 6 SYSTEMPATH\CodeIgniter.php(361): CodeIgniter\CodeIgniter->handleRequest(null, Object(Config\Cache), false)
 7 FCPATH\index.php(79): CodeIgniter\CodeIgniter->run()
CRITICAL - 2023-12-06 20:06:17 --> Class "CodeIgniter\Database\PostgreSQL\Connection" not found
in SYSTEMPATH\Database\Database.php on line 137.
 1 SYSTEMPATH\Database\Database.php(55): CodeIgniter\Database\Database->initDriver('PostgreSQL', 'Connection', [...])
 2 SYSTEMPATH\Database\Config.php(83): CodeIgniter\Database\Database->load([...], 'default')
 3 APPPATH\Controllers\AuthController.php(10): CodeIgniter\Database\Config::connect()
 4 SYSTEMPATH\CodeIgniter.php(942): App\Controllers\AuthController->index()
 5 SYSTEMPATH\CodeIgniter.php(502): CodeIgniter\CodeIgniter->runController(Object(App\Controllers\AuthController))
 6 SYSTEMPATH\CodeIgniter.php(361): CodeIgniter\CodeIgniter->handleRequest(null, Object(Config\Cache), false)
 7 FCPATH\index.php(79): CodeIgniter\CodeIgniter->run()
CRITICAL - 2023-12-06 20:07:48 --> Class "CodeIgniter\Database\PostgreSQL\Connection" not found
in SYSTEMPATH\Database\Database.php on line 137.
 1 SYSTEMPATH\Database\Database.php(55): CodeIgniter\Database\Database->initDriver('PostgreSQL', 'Connection', [...])
 2 SYSTEMPATH\Database\Config.php(83): CodeIgniter\Database\Database->load([...], 'default')
 3 APPPATH\Controllers\AuthController.php(12): CodeIgniter\Database\Config::connect()
 4 SYSTEMPATH\CodeIgniter.php(942): App\Controllers\AuthController->index()
 5 SYSTEMPATH\CodeIgniter.php(502): CodeIgniter\CodeIgniter->runController(Object(App\Controllers\AuthController))
 6 SYSTEMPATH\CodeIgniter.php(361): CodeIgniter\CodeIgniter->handleRequest(null, Object(Config\Cache), false)
 7 FCPATH\index.php(79): CodeIgniter\CodeIgniter->run()
CRITICAL - 2023-12-06 20:15:35 --> Undefined property: App\Controllers\AuthController::$db
in APPPATH\Controllers\AuthController.php on line 21.
 1 APPPATH\Controllers\AuthController.php(21): CodeIgniter\Debug\Exceptions->errorHandler(2, 'Undefined property: App\\Controllers\\AuthController::$db', 'D:\\curs_server\\web_p\\app\\Controllers\\AuthController.php', 21)
 2 SYSTEMPATH\CodeIgniter.php(942): App\Controllers\AuthController->index()
 3 SYSTEMPATH\CodeIgniter.php(502): CodeIgniter\CodeIgniter->runController(Object(App\Controllers\AuthController))
 4 SYSTEMPATH\CodeIgniter.php(361): CodeIgniter\CodeIgniter->handleRequest(null, Object(Config\Cache), false)
 5 FCPATH\index.php(79): CodeIgniter\CodeIgniter->run()
CRITICAL - 2023-12-06 20:16:00 --> syntax error, unexpected token "}"
in APPPATH\Controllers\AuthController.php on line 23.
 1 SYSTEMPATH\Autoloader\Autoloader.php(291): CodeIgniter\Autoloader\Autoloader->includeFile('D:\\curs_server\\web_p\\app\\Controllers\\AuthController.php')
 2 SYSTEMPATH\Autoloader\Autoloader.php(269): CodeIgniter\Autoloader\Autoloader->loadInNamespace('App\\Controllers\\AuthController')
 3 [internal function]: CodeIgniter\Autoloader\Autoloader->loadClass('App\\Controllers\\AuthController')
 4 SYSTEMPATH\CodeIgniter.php(900): class_exists('\\App\\Controllers\\AuthController', true)
 5 SYSTEMPATH\CodeIgniter.php(489): CodeIgniter\CodeIgniter->startController()
 6 SYSTEMPATH\CodeIgniter.php(361): CodeIgniter\CodeIgniter->handleRequest(null, Object(Config\Cache), false)
 7 FCPATH\index.php(79): CodeIgniter\CodeIgniter->run()
CRITICAL - 2023-12-06 20:16:32 --> Undefined property: App\Controllers\AuthController::$db
in APPPATH\Controllers\AuthController.php on line 21.
 1 APPPATH\Controllers\AuthController.php(21): CodeIgniter\Debug\Exceptions->errorHandler(2, 'Undefined property: App\\Controllers\\AuthController::$db', 'D:\\curs_server\\web_p\\app\\Controllers\\AuthController.php', 21)
 2 SYSTEMPATH\CodeIgniter.php(942): App\Controllers\AuthController->index()
 3 SYSTEMPATH\CodeIgniter.php(502): CodeIgniter\CodeIgniter->runController(Object(App\Controllers\AuthController))
 4 SYSTEMPATH\CodeIgniter.php(361): CodeIgniter\CodeIgniter->handleRequest(null, Object(Config\Cache), false)
 5 FCPATH\index.php(79): CodeIgniter\CodeIgniter->run()
CRITICAL - 2023-12-06 20:16:44 --> Object of class CodeIgniter\Database\Postgre\Connection could not be converted to string
in APPPATH\Controllers\AuthController.php on line 21.
 1 SYSTEMPATH\CodeIgniter.php(942): App\Controllers\AuthController->index()
 2 SYSTEMPATH\CodeIgniter.php(502): CodeIgniter\CodeIgniter->runController(Object(App\Controllers\AuthController))
 3 SYSTEMPATH\CodeIgniter.php(361): CodeIgniter\CodeIgniter->handleRequest(null, Object(Config\Cache), false)
 4 FCPATH\index.php(79): CodeIgniter\CodeIgniter->run()
CRITICAL - 2023-12-06 20:16:59 --> Object of class CodeIgniter\Database\Postgre\Connection could not be converted to string
in APPPATH\Controllers\AuthController.php on line 21.
 1 SYSTEMPATH\CodeIgniter.php(942): App\Controllers\AuthController->index()
 2 SYSTEMPATH\CodeIgniter.php(502): CodeIgniter\CodeIgniter->runController(Object(App\Controllers\AuthController))
 3 SYSTEMPATH\CodeIgniter.php(361): CodeIgniter\CodeIgniter->handleRequest(null, Object(Config\Cache), false)
 4 FCPATH\index.php(79): CodeIgniter\CodeIgniter->run()
CRITICAL - 2023-12-06 20:18:17 --> Object of class CodeIgniter\Database\Postgre\Connection could not be converted to string
in APPPATH\Controllers\AuthController.php on line 21.
 1 SYSTEMPATH\CodeIgniter.php(942): App\Controllers\AuthController->index()
 2 SYSTEMPATH\CodeIgniter.php(502): CodeIgniter\CodeIgniter->runController(Object(App\Controllers\AuthController))
 3 SYSTEMPATH\CodeIgniter.php(361): CodeIgniter\CodeIgniter->handleRequest(null, Object(Config\Cache), false)
 4 FCPATH\index.php(79): CodeIgniter\CodeIgniter->run()
CRITICAL - 2023-12-06 20:21:31 --> Undefined property: stdClass::$column1
in APPPATH\Controllers\AuthController.php on line 29.
 1 APPPATH\Controllers\AuthController.php(29): CodeIgniter\Debug\Exceptions->errorHandler(2, 'Undefined property: stdClass::$column1', 'D:\\curs_server\\web_p\\app\\Controllers\\AuthController.php', 29)
 2 SYSTEMPATH\CodeIgniter.php(942): App\Controllers\AuthController->index()
 3 SYSTEMPATH\CodeIgniter.php(502): CodeIgniter\CodeIgniter->runController(Object(App\Controllers\AuthController))
 4 SYSTEMPATH\CodeIgniter.php(361): CodeIgniter\CodeIgniter->handleRequest(null, Object(Config\Cache), false)
 5 FCPATH\index.php(79): CodeIgniter\CodeIgniter->run()
CRITICAL - 2023-12-06 20:22:44 --> Undefined property: stdClass::$title
in APPPATH\Controllers\AuthController.php on line 29.
 1 APPPATH\Controllers\AuthController.php(29): CodeIgniter\Debug\Exceptions->errorHandler(2, 'Undefined property: stdClass::$title', 'D:\\curs_server\\web_p\\app\\Controllers\\AuthController.php', 29)
 2 SYSTEMPATH\CodeIgniter.php(942): App\Controllers\AuthController->index()
 3 SYSTEMPATH\CodeIgniter.php(502): CodeIgniter\CodeIgniter->runController(Object(App\Controllers\AuthController))
 4 SYSTEMPATH\CodeIgniter.php(361): CodeIgniter\CodeIgniter->handleRequest(null, Object(Config\Cache), false)
 5 FCPATH\index.php(79): CodeIgniter\CodeIgniter->run()
CRITICAL - 2023-12-06 20:24:37 --> Undefined property: stdClass::$column1
in APPPATH\Controllers\AuthController.php on line 29.
 1 APPPATH\Controllers\AuthController.php(29): CodeIgniter\Debug\Exceptions->errorHandler(2, 'Undefined property: stdClass::$column1', 'D:\\curs_server\\web_p\\app\\Controllers\\AuthController.php', 29)
 2 SYSTEMPATH\CodeIgniter.php(942): App\Controllers\AuthController->index()
 3 SYSTEMPATH\CodeIgniter.php(502): CodeIgniter\CodeIgniter->runController(Object(App\Controllers\AuthController))
 4 SYSTEMPATH\CodeIgniter.php(361): CodeIgniter\CodeIgniter->handleRequest(null, Object(Config\Cache), false)
 5 FCPATH\index.php(79): CodeIgniter\CodeIgniter->run()
CRITICAL - 2023-12-06 20:26:03 --> Undefined property: stdClass::$column1
in APPPATH\Controllers\AuthController.php on line 31.
 1 APPPATH\Controllers\AuthController.php(31): CodeIgniter\Debug\Exceptions->errorHandler(2, 'Undefined property: stdClass::$column1', 'D:\\curs_server\\web_p\\app\\Controllers\\AuthController.php', 31)
 2 SYSTEMPATH\CodeIgniter.php(942): App\Controllers\AuthController->index()
 3 SYSTEMPATH\CodeIgniter.php(502): CodeIgniter\CodeIgniter->runController(Object(App\Controllers\AuthController))
 4 SYSTEMPATH\CodeIgniter.php(361): CodeIgniter\CodeIgniter->handleRequest(null, Object(Config\Cache), false)
 5 FCPATH\index.php(79): CodeIgniter\CodeIgniter->run()
