INFO - 2023-12-24 20:08:51 --> Session: Class initialized using 'CodeIgniter\Session\Handlers\FileHandler' driver.
INFO - 2023-12-24 20:08:51 --> Session: Class initialized using 'CodeIgniter\Session\Handlers\FileHandler' driver.
INFO - 2023-12-24 20:08:52 --> Session: Class initialized using 'CodeIgniter\Session\Handlers\FileHandler' driver.
INFO - 2023-12-24 20:08:52 --> Session: Class initialized using 'CodeIgniter\Session\Handlers\FileHandler' driver.
INFO - 2023-12-24 20:08:53 --> Session: Class initialized using 'CodeIgniter\Session\Handlers\FileHandler' driver.
INFO - 2023-12-24 20:08:54 --> Session: Class initialized using 'CodeIgniter\Session\Handlers\FileHandler' driver.
INFO - 2023-12-24 20:08:55 --> Session: Class initialized using 'CodeIgniter\Session\Handlers\FileHandler' driver.
INFO - 2023-12-24 20:08:55 --> Session: Class initialized using 'CodeIgniter\Session\Handlers\FileHandler' driver.
INFO - 2023-12-24 20:08:56 --> Session: Class initialized using 'CodeIgniter\Session\Handlers\FileHandler' driver.
INFO - 2023-12-24 20:08:56 --> Session: Class initialized using 'CodeIgniter\Session\Handlers\FileHandler' driver.
INFO - 2023-12-24 20:10:36 --> Session: Class initialized using 'CodeIgniter\Session\Handlers\FileHandler' driver.
INFO - 2023-12-24 20:10:36 --> Session: Class initialized using 'CodeIgniter\Session\Handlers\FileHandler' driver.
INFO - 2023-12-24 20:10:43 --> Session: Class initialized using 'CodeIgniter\Session\Handlers\FileHandler' driver.
INFO - 2023-12-24 20:10:49 --> Session: Class initialized using 'CodeIgniter\Session\Handlers\FileHandler' driver.
INFO - 2023-12-24 20:10:52 --> Session: Class initialized using 'CodeIgniter\Session\Handlers\FileHandler' driver.
INFO - 2023-12-24 20:11:13 --> Session: Class initialized using 'CodeIgniter\Session\Handlers\FileHandler' driver.
INFO - 2023-12-24 20:11:14 --> Session: Class initialized using 'CodeIgniter\Session\Handlers\FileHandler' driver.
INFO - 2023-12-24 20:11:26 --> Session: Class initialized using 'CodeIgniter\Session\Handlers\FileHandler' driver.
INFO - 2023-12-24 20:11:26 --> Session: Class initialized using 'CodeIgniter\Session\Handlers\FileHandler' driver.
INFO - 2023-12-24 20:11:26 --> Session: Class initialized using 'CodeIgniter\Session\Handlers\FileHandler' driver.
INFO - 2023-12-24 20:11:30 --> Session: Class initialized using 'CodeIgniter\Session\Handlers\FileHandler' driver.
INFO - 2023-12-24 20:11:30 --> Session: Class initialized using 'CodeIgniter\Session\Handlers\FileHandler' driver.
INFO - 2023-12-24 20:11:39 --> Session: Class initialized using 'CodeIgniter\Session\Handlers\FileHandler' driver.
INFO - 2023-12-24 20:11:40 --> Session: Class initialized using 'CodeIgniter\Session\Handlers\FileHandler' driver.
INFO - 2023-12-24 20:11:44 --> Session: Class initialized using 'CodeIgniter\Session\Handlers\FileHandler' driver.
INFO - 2023-12-24 20:11:46 --> Session: Class initialized using 'CodeIgniter\Session\Handlers\FileHandler' driver.
INFO - 2023-12-24 20:11:50 --> Session: Class initialized using 'CodeIgniter\Session\Handlers\FileHandler' driver.
INFO - 2023-12-24 20:11:50 --> Session: Class initialized using 'CodeIgniter\Session\Handlers\FileHandler' driver.
INFO - 2023-12-24 20:12:38 --> Session: Class initialized using 'CodeIgniter\Session\Handlers\FileHandler' driver.
INFO - 2023-12-24 20:12:38 --> Session: Class initialized using 'CodeIgniter\Session\Handlers\FileHandler' driver.
INFO - 2023-12-24 20:12:42 --> Session: Class initialized using 'CodeIgniter\Session\Handlers\FileHandler' driver.
INFO - 2023-12-24 20:15:14 --> Session: Class initialized using 'CodeIgniter\Session\Handlers\FileHandler' driver.
INFO - 2023-12-24 20:15:19 --> Session: Class initialized using 'CodeIgniter\Session\Handlers\FileHandler' driver.
INFO - 2023-12-24 20:18:12 --> Session: Class initialized using 'CodeIgniter\Session\Handlers\FileHandler' driver.
INFO - 2023-12-24 20:18:16 --> Session: Class initialized using 'CodeIgniter\Session\Handlers\FileHandler' driver.
INFO - 2023-12-24 20:18:18 --> Session: Class initialized using 'CodeIgniter\Session\Handlers\FileHandler' driver.
INFO - 2023-12-24 20:18:20 --> Session: Class initialized using 'CodeIgniter\Session\Handlers\FileHandler' driver.
INFO - 2023-12-24 20:18:20 --> Session: Class initialized using 'CodeIgniter\Session\Handlers\FileHandler' driver.
INFO - 2023-12-24 20:18:21 --> Session: Class initialized using 'CodeIgniter\Session\Handlers\FileHandler' driver.
INFO - 2023-12-24 20:18:22 --> Session: Class initialized using 'CodeIgniter\Session\Handlers\FileHandler' driver.
INFO - 2023-12-24 20:18:23 --> Session: Class initialized using 'CodeIgniter\Session\Handlers\FileHandler' driver.
INFO - 2023-12-24 20:18:41 --> Session: Class initialized using 'CodeIgniter\Session\Handlers\FileHandler' driver.
INFO - 2023-12-24 20:19:28 --> Session: Class initialized using 'CodeIgniter\Session\Handlers\FileHandler' driver.
INFO - 2023-12-24 20:19:28 --> Session: Class initialized using 'CodeIgniter\Session\Handlers\FileHandler' driver.
INFO - 2023-12-24 20:19:28 --> Session: Class initialized using 'CodeIgniter\Session\Handlers\FileHandler' driver.
INFO - 2023-12-24 20:19:31 --> Session: Class initialized using 'CodeIgniter\Session\Handlers\FileHandler' driver.
INFO - 2023-12-24 20:19:33 --> Session: Class initialized using 'CodeIgniter\Session\Handlers\FileHandler' driver.
INFO - 2023-12-24 20:19:52 --> Session: Class initialized using 'CodeIgniter\Session\Handlers\FileHandler' driver.
INFO - 2023-12-24 20:19:52 --> Session: Class initialized using 'CodeIgniter\Session\Handlers\FileHandler' driver.
INFO - 2023-12-24 20:19:54 --> Session: Class initialized using 'CodeIgniter\Session\Handlers\FileHandler' driver.
INFO - 2023-12-24 20:19:55 --> Session: Class initialized using 'CodeIgniter\Session\Handlers\FileHandler' driver.
INFO - 2023-12-24 20:19:57 --> Session: Class initialized using 'CodeIgniter\Session\Handlers\FileHandler' driver.
INFO - 2023-12-24 20:19:57 --> Session: Class initialized using 'CodeIgniter\Session\Handlers\FileHandler' driver.
INFO - 2023-12-24 20:19:59 --> Session: Class initialized using 'CodeIgniter\Session\Handlers\FileHandler' driver.
INFO - 2023-12-24 20:25:56 --> Session: Class initialized using 'CodeIgniter\Session\Handlers\FileHandler' driver.
INFO - 2023-12-24 20:28:01 --> Session: Class initialized using 'CodeIgniter\Session\Handlers\FileHandler' driver.
INFO - 2023-12-24 20:28:30 --> Session: Class initialized using 'CodeIgniter\Session\Handlers\FileHandler' driver.
INFO - 2023-12-24 20:28:51 --> Session: Class initialized using 'CodeIgniter\Session\Handlers\FileHandler' driver.
INFO - 2023-12-24 20:29:29 --> Session: Class initialized using 'CodeIgniter\Session\Handlers\FileHandler' driver.
INFO - 2023-12-24 20:29:35 --> Session: Class initialized using 'CodeIgniter\Session\Handlers\FileHandler' driver.
INFO - 2023-12-24 20:29:44 --> Session: Class initialized using 'CodeIgniter\Session\Handlers\FileHandler' driver.
INFO - 2023-12-24 20:29:53 --> Session: Class initialized using 'CodeIgniter\Session\Handlers\FileHandler' driver.
INFO - 2023-12-24 20:30:54 --> Session: Class initialized using 'CodeIgniter\Session\Handlers\FileHandler' driver.
INFO - 2023-12-24 20:31:03 --> Session: Class initialized using 'CodeIgniter\Session\Handlers\FileHandler' driver.
INFO - 2023-12-24 20:31:11 --> Session: Class initialized using 'CodeIgniter\Session\Handlers\FileHandler' driver.
INFO - 2023-12-24 20:31:24 --> Session: Class initialized using 'CodeIgniter\Session\Handlers\FileHandler' driver.
INFO - 2023-12-24 20:32:39 --> Session: Class initialized using 'CodeIgniter\Session\Handlers\FileHandler' driver.
INFO - 2023-12-24 20:39:57 --> Session: Class initialized using 'CodeIgniter\Session\Handlers\FileHandler' driver.
INFO - 2023-12-24 20:54:36 --> Session: Class initialized using 'CodeIgniter\Session\Handlers\FileHandler' driver.
CRITICAL - 2023-12-24 20:54:36 --> Object of class CodeIgniter\Database\Postgre\Builder could not be converted to string
in APPPATH\Models\ScheduleModel.php on line 22.
 1 APPPATH\Controllers\roles_controllers\manager\WorkersController.php(21): App\Models\ScheduleModel->getAll()
 2 SYSTEMPATH\CodeIgniter.php(942): App\Controllers\roles_controllers\manager\WorkersController->index()
 3 SYSTEMPATH\CodeIgniter.php(502): CodeIgniter\CodeIgniter->runController(Object(App\Controllers\roles_controllers\manager\WorkersController))
 4 SYSTEMPATH\CodeIgniter.php(361): CodeIgniter\CodeIgniter->handleRequest(null, Object(Config\Cache), false)
 5 FCPATH\index.php(79): CodeIgniter\CodeIgniter->run()
INFO - 2023-12-24 20:55:14 --> Session: Class initialized using 'CodeIgniter\Session\Handlers\FileHandler' driver.
INFO - 2023-12-24 20:55:16 --> Session: Class initialized using 'CodeIgniter\Session\Handlers\FileHandler' driver.
INFO - 2023-12-24 20:55:16 --> Session: Class initialized using 'CodeIgniter\Session\Handlers\FileHandler' driver.
CRITICAL - 2023-12-24 20:55:16 --> Object of class CodeIgniter\Database\Postgre\Builder could not be converted to string
in APPPATH\Models\ScheduleModel.php on line 22.
 1 APPPATH\Controllers\roles_controllers\manager\WorkersController.php(21): App\Models\ScheduleModel->getAll()
 2 SYSTEMPATH\CodeIgniter.php(942): App\Controllers\roles_controllers\manager\WorkersController->index()
 3 SYSTEMPATH\CodeIgniter.php(502): CodeIgniter\CodeIgniter->runController(Object(App\Controllers\roles_controllers\manager\WorkersController))
 4 SYSTEMPATH\CodeIgniter.php(361): CodeIgniter\CodeIgniter->handleRequest(null, Object(Config\Cache), false)
 5 FCPATH\index.php(79): CodeIgniter\CodeIgniter->run()
INFO - 2023-12-24 21:02:00 --> Session: Class initialized using 'CodeIgniter\Session\Handlers\FileHandler' driver.
INFO - 2023-12-24 21:02:01 --> Session: Class initialized using 'CodeIgniter\Session\Handlers\FileHandler' driver.
INFO - 2023-12-24 21:02:01 --> Session: Class initialized using 'CodeIgniter\Session\Handlers\FileHandler' driver.
INFO - 2023-12-24 21:03:42 --> Session: Class initialized using 'CodeIgniter\Session\Handlers\FileHandler' driver.
INFO - 2023-12-24 21:28:00 --> Session: Class initialized using 'CodeIgniter\Session\Handlers\FileHandler' driver.
INFO - 2023-12-24 21:28:52 --> Session: Class initialized using 'CodeIgniter\Session\Handlers\FileHandler' driver.
INFO - 2023-12-24 21:29:40 --> Session: Class initialized using 'CodeIgniter\Session\Handlers\FileHandler' driver.
INFO - 2023-12-24 21:29:40 --> Session: Class initialized using 'CodeIgniter\Session\Handlers\FileHandler' driver.
INFO - 2023-12-24 21:31:32 --> Session: Class initialized using 'CodeIgniter\Session\Handlers\FileHandler' driver.
INFO - 2023-12-24 21:32:28 --> Session: Class initialized using 'CodeIgniter\Session\Handlers\FileHandler' driver.
INFO - 2023-12-24 21:32:50 --> Session: Class initialized using 'CodeIgniter\Session\Handlers\FileHandler' driver.
INFO - 2023-12-24 21:33:48 --> Session: Class initialized using 'CodeIgniter\Session\Handlers\FileHandler' driver.
INFO - 2023-12-24 21:33:56 --> Session: Class initialized using 'CodeIgniter\Session\Handlers\FileHandler' driver.
INFO - 2023-12-24 21:33:57 --> Session: Class initialized using 'CodeIgniter\Session\Handlers\FileHandler' driver.
CRITICAL - 2023-12-24 21:33:57 --> Undefined property: stdClass::$role_id
in APPPATH\Controllers\roles_controllers\manager\WorkersController.php on line 36.
 1 APPPATH\Controllers\roles_controllers\manager\WorkersController.php(36): CodeIgniter\Debug\Exceptions->errorHandler(2, 'Undefined property: stdClass::$role_id', 'D:\\curs_server\\web_p\\app\\Controllers\\roles_controllers\\manager\\WorkersController.php', 36)
 2 SYSTEMPATH\CodeIgniter.php(942): App\Controllers\roles_controllers\manager\WorkersController->search_worker()
 3 SYSTEMPATH\CodeIgniter.php(502): CodeIgniter\CodeIgniter->runController(Object(App\Controllers\roles_controllers\manager\WorkersController))
 4 SYSTEMPATH\CodeIgniter.php(361): CodeIgniter\CodeIgniter->handleRequest(null, Object(Config\Cache), false)
 5 FCPATH\index.php(79): CodeIgniter\CodeIgniter->run()
INFO - 2023-12-24 21:34:37 --> Session: Class initialized using 'CodeIgniter\Session\Handlers\FileHandler' driver.
INFO - 2023-12-24 21:34:37 --> Session: Class initialized using 'CodeIgniter\Session\Handlers\FileHandler' driver.
CRITICAL - 2023-12-24 21:34:37 --> Call to undefined method App\Models\UserModel::searchWorkers
in SYSTEMPATH\Model.php on line 873.
 1 APPPATH\Controllers\roles_controllers\manager\WorkersController.php(38): CodeIgniter\Model->__call('searchWorkers', [...])
 2 SYSTEMPATH\CodeIgniter.php(942): App\Controllers\roles_controllers\manager\WorkersController->search_worker()
 3 SYSTEMPATH\CodeIgniter.php(502): CodeIgniter\CodeIgniter->runController(Object(App\Controllers\roles_controllers\manager\WorkersController))
 4 SYSTEMPATH\CodeIgniter.php(361): CodeIgniter\CodeIgniter->handleRequest(null, Object(Config\Cache), false)
 5 FCPATH\index.php(79): CodeIgniter\CodeIgniter->run()
INFO - 2023-12-24 21:34:51 --> Session: Class initialized using 'CodeIgniter\Session\Handlers\FileHandler' driver.
INFO - 2023-12-24 21:34:51 --> Session: Class initialized using 'CodeIgniter\Session\Handlers\FileHandler' driver.
ERROR - 2023-12-24 21:34:52 --> ErrorException: pg_query(): Query failed: ПОМИЛКА:  стовпець position.p_name не існує
LINE 1: SELECT &quot;worker&quot;.*, &quot;position&quot;.&quot;p_name&quot;, &quot;role&quot;.&quot;r_name&quot;, &quot;sc...
                           ^ in D:\curs_server\web_p\system\Database\Postgre\Connection.php:187
Stack trace:
#0 [internal function]: CodeIgniter\Debug\Exceptions->errorHandler(2, 'pg_query(): Que...', 'D:\\curs_server\\...', 187)
#1 D:\curs_server\web_p\system\Database\Postgre\Connection.php(187): pg_query(Object(PgSql\Connection), 'SELECT "worker"...')
#2 D:\curs_server\web_p\system\Database\BaseConnection.php(693): CodeIgniter\Database\Postgre\Connection->execute('SELECT "worker"...')
#3 D:\curs_server\web_p\system\Database\BaseConnection.php(607): CodeIgniter\Database\BaseConnection->simpleQuery('SELECT "worker"...')
#4 D:\curs_server\web_p\system\Database\BaseBuilder.php(1615): CodeIgniter\Database\BaseConnection->query('SELECT "worker"...', Array, false)
#5 D:\curs_server\web_p\app\Models\UserModel.php(41): CodeIgniter\Database\BaseBuilder->get()
#6 D:\curs_server\web_p\app\Controllers\roles_controllers\manager\WorkersController.php(38): App\Models\UserModel->search_worker('', '', '', '', '')
#7 D:\curs_server\web_p\system\CodeIgniter.php(942): App\Controllers\roles_controllers\manager\WorkersController->search_worker()
#8 D:\curs_server\web_p\system\CodeIgniter.php(502): CodeIgniter\CodeIgniter->runController(Object(App\Controllers\roles_controllers\manager\WorkersController))
#9 D:\curs_server\web_p\system\CodeIgniter.php(361): CodeIgniter\CodeIgniter->handleRequest(NULL, Object(Config\Cache), false)
#10 D:\curs_server\web_p\public\index.php(79): CodeIgniter\CodeIgniter->run()
#11 {main}
CRITICAL - 2023-12-24 21:34:52 --> pg_query(): Query failed: ПОМИЛКА:  стовпець position.p_name не існує
LINE 1: SELECT &quot;worker&quot;.*, &quot;position&quot;.&quot;p_name&quot;, &quot;role&quot;.&quot;r_name&quot;, &quot;sc...
                           ^
in SYSTEMPATH\Database\BaseConnection.php on line 647.
 1 SYSTEMPATH\Database\BaseBuilder.php(1615): CodeIgniter\Database\BaseConnection->query('SELECT "worker".*, "position"."p_name", "role"."r_name", "schedule"."s_name"
FROM "worker"
JOIN "position" ON "worker"."position_id" = "position"."id"
JOIN "role" ON "worker"."role_id" = "role"."id"
JOIN "schedule" ON "worker"."schedule_id" = "schedule"."id"', [], false)
 2 APPPATH\Models\UserModel.php(41): CodeIgniter\Database\BaseBuilder->get()
 3 APPPATH\Controllers\roles_controllers\manager\WorkersController.php(38): App\Models\UserModel->search_worker('', '', '', '', '')
 4 SYSTEMPATH\CodeIgniter.php(942): App\Controllers\roles_controllers\manager\WorkersController->search_worker()
 5 SYSTEMPATH\CodeIgniter.php(502): CodeIgniter\CodeIgniter->runController(Object(App\Controllers\roles_controllers\manager\WorkersController))
 6 SYSTEMPATH\CodeIgniter.php(361): CodeIgniter\CodeIgniter->handleRequest(null, Object(Config\Cache), false)
 7 FCPATH\index.php(79): CodeIgniter\CodeIgniter->run()
INFO - 2023-12-24 21:35:24 --> Session: Class initialized using 'CodeIgniter\Session\Handlers\FileHandler' driver.
INFO - 2023-12-24 21:35:24 --> Session: Class initialized using 'CodeIgniter\Session\Handlers\FileHandler' driver.
ERROR - 2023-12-24 21:35:24 --> ErrorException: pg_query(): Query failed: ПОМИЛКА:  стовпець role.r_name не існує
LINE 1: SELECT &quot;worker&quot;.*, &quot;position&quot;.&quot;name_p&quot;, &quot;role&quot;.&quot;r_name&quot;, &quot;sc...
                                                ^ in D:\curs_server\web_p\system\Database\Postgre\Connection.php:187
Stack trace:
#0 [internal function]: CodeIgniter\Debug\Exceptions->errorHandler(2, 'pg_query(): Que...', 'D:\\curs_server\\...', 187)
#1 D:\curs_server\web_p\system\Database\Postgre\Connection.php(187): pg_query(Object(PgSql\Connection), 'SELECT "worker"...')
#2 D:\curs_server\web_p\system\Database\BaseConnection.php(693): CodeIgniter\Database\Postgre\Connection->execute('SELECT "worker"...')
#3 D:\curs_server\web_p\system\Database\BaseConnection.php(607): CodeIgniter\Database\BaseConnection->simpleQuery('SELECT "worker"...')
#4 D:\curs_server\web_p\system\Database\BaseBuilder.php(1615): CodeIgniter\Database\BaseConnection->query('SELECT "worker"...', Array, false)
#5 D:\curs_server\web_p\app\Models\UserModel.php(41): CodeIgniter\Database\BaseBuilder->get()
#6 D:\curs_server\web_p\app\Controllers\roles_controllers\manager\WorkersController.php(38): App\Models\UserModel->search_worker('', '', '', '', '')
#7 D:\curs_server\web_p\system\CodeIgniter.php(942): App\Controllers\roles_controllers\manager\WorkersController->search_worker()
#8 D:\curs_server\web_p\system\CodeIgniter.php(502): CodeIgniter\CodeIgniter->runController(Object(App\Controllers\roles_controllers\manager\WorkersController))
#9 D:\curs_server\web_p\system\CodeIgniter.php(361): CodeIgniter\CodeIgniter->handleRequest(NULL, Object(Config\Cache), false)
#10 D:\curs_server\web_p\public\index.php(79): CodeIgniter\CodeIgniter->run()
#11 {main}
CRITICAL - 2023-12-24 21:35:24 --> pg_query(): Query failed: ПОМИЛКА:  стовпець role.r_name не існує
LINE 1: SELECT &quot;worker&quot;.*, &quot;position&quot;.&quot;name_p&quot;, &quot;role&quot;.&quot;r_name&quot;, &quot;sc...
                                                ^
in SYSTEMPATH\Database\BaseConnection.php on line 647.
 1 SYSTEMPATH\Database\BaseBuilder.php(1615): CodeIgniter\Database\BaseConnection->query('SELECT "worker".*, "position"."name_p", "role"."r_name", "schedule"."s_name"
FROM "worker"
JOIN "position" ON "worker"."position_id" = "position"."id"
JOIN "role" ON "worker"."role_id" = "role"."id"
JOIN "schedule" ON "worker"."schedule_id" = "schedule"."id"', [], false)
 2 APPPATH\Models\UserModel.php(41): CodeIgniter\Database\BaseBuilder->get()
 3 APPPATH\Controllers\roles_controllers\manager\WorkersController.php(38): App\Models\UserModel->search_worker('', '', '', '', '')
 4 SYSTEMPATH\CodeIgniter.php(942): App\Controllers\roles_controllers\manager\WorkersController->search_worker()
 5 SYSTEMPATH\CodeIgniter.php(502): CodeIgniter\CodeIgniter->runController(Object(App\Controllers\roles_controllers\manager\WorkersController))
 6 SYSTEMPATH\CodeIgniter.php(361): CodeIgniter\CodeIgniter->handleRequest(null, Object(Config\Cache), false)
 7 FCPATH\index.php(79): CodeIgniter\CodeIgniter->run()
INFO - 2023-12-24 21:35:34 --> Session: Class initialized using 'CodeIgniter\Session\Handlers\FileHandler' driver.
INFO - 2023-12-24 21:35:35 --> Session: Class initialized using 'CodeIgniter\Session\Handlers\FileHandler' driver.
INFO - 2023-12-24 21:36:03 --> Session: Class initialized using 'CodeIgniter\Session\Handlers\FileHandler' driver.
WARNING - 2023-12-24 21:36:03 --> [DEPRECATED] pg_escape_string(): Automatic fetching of PostgreSQL connection is deprecated in APPPATH\Models\UserModel.php on line 31.
 1 APPPATH\Models\UserModel.php(31): pg_escape_string('Vadim ')
 2 APPPATH\Controllers\roles_controllers\manager\WorkersController.php(38): App\Models\UserModel->search_worker('Vadim ', '', '', '', '')
 3 SYSTEMPATH\CodeIgniter.php(942): App\Controllers\roles_controllers\manager\WorkersController->search_worker()
 4 SYSTEMPATH\CodeIgniter.php(502): CodeIgniter\CodeIgniter->runController(Object(App\Controllers\roles_controllers\manager\WorkersController))
 5 SYSTEMPATH\CodeIgniter.php(361): CodeIgniter\CodeIgniter->handleRequest(null, Object(Config\Cache), false)
 6 FCPATH\index.php(79): CodeIgniter\CodeIgniter->run()
INFO - 2023-12-24 21:36:05 --> Session: Class initialized using 'CodeIgniter\Session\Handlers\FileHandler' driver.
WARNING - 2023-12-24 21:36:05 --> [DEPRECATED] pg_escape_string(): Automatic fetching of PostgreSQL connection is deprecated in APPPATH\Models\UserModel.php on line 31.
 1 APPPATH\Models\UserModel.php(31): pg_escape_string('Vadim')
 2 APPPATH\Controllers\roles_controllers\manager\WorkersController.php(38): App\Models\UserModel->search_worker('Vadim', '', '', '', '')
 3 SYSTEMPATH\CodeIgniter.php(942): App\Controllers\roles_controllers\manager\WorkersController->search_worker()
 4 SYSTEMPATH\CodeIgniter.php(502): CodeIgniter\CodeIgniter->runController(Object(App\Controllers\roles_controllers\manager\WorkersController))
 5 SYSTEMPATH\CodeIgniter.php(361): CodeIgniter\CodeIgniter->handleRequest(null, Object(Config\Cache), false)
 6 FCPATH\index.php(79): CodeIgniter\CodeIgniter->run()
INFO - 2023-12-24 21:38:01 --> Session: Class initialized using 'CodeIgniter\Session\Handlers\FileHandler' driver.
INFO - 2023-12-24 21:38:02 --> Session: Class initialized using 'CodeIgniter\Session\Handlers\FileHandler' driver.
INFO - 2023-12-24 21:38:10 --> Session: Class initialized using 'CodeIgniter\Session\Handlers\FileHandler' driver.
INFO - 2023-12-24 21:38:11 --> Session: Class initialized using 'CodeIgniter\Session\Handlers\FileHandler' driver.
INFO - 2023-12-24 21:41:44 --> Session: Class initialized using 'CodeIgniter\Session\Handlers\FileHandler' driver.
INFO - 2023-12-24 21:41:45 --> Session: Class initialized using 'CodeIgniter\Session\Handlers\FileHandler' driver.
INFO - 2023-12-24 21:42:32 --> Session: Class initialized using 'CodeIgniter\Session\Handlers\FileHandler' driver.
INFO - 2023-12-24 21:42:33 --> Session: Class initialized using 'CodeIgniter\Session\Handlers\FileHandler' driver.
INFO - 2023-12-24 21:49:42 --> Session: Class initialized using 'CodeIgniter\Session\Handlers\FileHandler' driver.
INFO - 2023-12-24 21:49:42 --> Session: Class initialized using 'CodeIgniter\Session\Handlers\FileHandler' driver.
INFO - 2023-12-24 21:49:43 --> Session: Class initialized using 'CodeIgniter\Session\Handlers\FileHandler' driver.
INFO - 2023-12-24 21:50:05 --> Session: Class initialized using 'CodeIgniter\Session\Handlers\FileHandler' driver.
WARNING - 2023-12-24 21:50:05 --> [DEPRECATED] pg_escape_string(): Automatic fetching of PostgreSQL connection is deprecated in APPPATH\Models\UserModel.php on line 37.
 1 APPPATH\Models\UserModel.php(37): pg_escape_string('po')
 2 APPPATH\Controllers\roles_controllers\manager\WorkersController.php(42): App\Models\UserModel->search_worker('', '', '', 'po', '')
 3 SYSTEMPATH\CodeIgniter.php(942): App\Controllers\roles_controllers\manager\WorkersController->search_worker()
 4 SYSTEMPATH\CodeIgniter.php(502): CodeIgniter\CodeIgniter->runController(Object(App\Controllers\roles_controllers\manager\WorkersController))
 5 SYSTEMPATH\CodeIgniter.php(361): CodeIgniter\CodeIgniter->handleRequest(null, Object(Config\Cache), false)
 6 FCPATH\index.php(79): CodeIgniter\CodeIgniter->run()
ERROR - 2023-12-24 21:50:06 --> ErrorException: pg_query(): Query failed: ПОМИЛКА:  стовпець position.p_name не існує
LINE 6: WHERE &quot;position&quot;.&quot;p_name&quot; LIKE '%po%' ESCAPE '!'
              ^ in D:\curs_server\web_p\system\Database\Postgre\Connection.php:187
Stack trace:
#0 [internal function]: CodeIgniter\Debug\Exceptions->errorHandler(2, 'pg_query(): Que...', 'D:\\curs_server\\...', 187)
#1 D:\curs_server\web_p\system\Database\Postgre\Connection.php(187): pg_query(Object(PgSql\Connection), 'SELECT "worker"...')
#2 D:\curs_server\web_p\system\Database\BaseConnection.php(693): CodeIgniter\Database\Postgre\Connection->execute('SELECT "worker"...')
#3 D:\curs_server\web_p\system\Database\BaseConnection.php(607): CodeIgniter\Database\BaseConnection->simpleQuery('SELECT "worker"...')
#4 D:\curs_server\web_p\system\Database\BaseBuilder.php(1615): CodeIgniter\Database\BaseConnection->query('SELECT "worker"...', Array, false)
#5 D:\curs_server\web_p\app\Models\UserModel.php(41): CodeIgniter\Database\BaseBuilder->get()
#6 D:\curs_server\web_p\app\Controllers\roles_controllers\manager\WorkersController.php(42): App\Models\UserModel->search_worker('', '', '', 'po', '')
#7 D:\curs_server\web_p\system\CodeIgniter.php(942): App\Controllers\roles_controllers\manager\WorkersController->search_worker()
#8 D:\curs_server\web_p\system\CodeIgniter.php(502): CodeIgniter\CodeIgniter->runController(Object(App\Controllers\roles_controllers\manager\WorkersController))
#9 D:\curs_server\web_p\system\CodeIgniter.php(361): CodeIgniter\CodeIgniter->handleRequest(NULL, Object(Config\Cache), false)
#10 D:\curs_server\web_p\public\index.php(79): CodeIgniter\CodeIgniter->run()
#11 {main}
CRITICAL - 2023-12-24 21:50:06 --> pg_query(): Query failed: ПОМИЛКА:  стовпець position.p_name не існує
LINE 6: WHERE &quot;position&quot;.&quot;p_name&quot; LIKE '%po%' ESCAPE '!'
              ^
in SYSTEMPATH\Database\BaseConnection.php on line 647.
 1 SYSTEMPATH\Database\BaseBuilder.php(1615): CodeIgniter\Database\BaseConnection->query('SELECT "worker".*, "position"."name_p", "role"."name_r", "schedule"."s_name"
FROM "worker"
JOIN "position" ON "worker"."position_id" = "position"."id"
JOIN "role" ON "worker"."role_id" = "role"."id"
JOIN "schedule" ON "worker"."schedule_id" = "schedule"."id"
WHERE "position"."p_name" LIKE :position.p_name: ESCAPE \'!\'', [...], false)
 2 APPPATH\Models\UserModel.php(41): CodeIgniter\Database\BaseBuilder->get()
 3 APPPATH\Controllers\roles_controllers\manager\WorkersController.php(42): App\Models\UserModel->search_worker('', '', '', 'po', '')
 4 SYSTEMPATH\CodeIgniter.php(942): App\Controllers\roles_controllers\manager\WorkersController->search_worker()
 5 SYSTEMPATH\CodeIgniter.php(502): CodeIgniter\CodeIgniter->runController(Object(App\Controllers\roles_controllers\manager\WorkersController))
 6 SYSTEMPATH\CodeIgniter.php(361): CodeIgniter\CodeIgniter->handleRequest(null, Object(Config\Cache), false)
 7 FCPATH\index.php(79): CodeIgniter\CodeIgniter->run()
INFO - 2023-12-24 21:50:06 --> Session: Class initialized using 'CodeIgniter\Session\Handlers\FileHandler' driver.
WARNING - 2023-12-24 21:50:06 --> [DEPRECATED] pg_escape_string(): Automatic fetching of PostgreSQL connection is deprecated in APPPATH\Models\UserModel.php on line 37.
 1 APPPATH\Models\UserModel.php(37): pg_escape_string('po')
 2 APPPATH\Controllers\roles_controllers\manager\WorkersController.php(42): App\Models\UserModel->search_worker('', '', '', 'po', '')
 3 SYSTEMPATH\CodeIgniter.php(942): App\Controllers\roles_controllers\manager\WorkersController->search_worker()
 4 SYSTEMPATH\CodeIgniter.php(502): CodeIgniter\CodeIgniter->runController(Object(App\Controllers\roles_controllers\manager\WorkersController))
 5 SYSTEMPATH\CodeIgniter.php(361): CodeIgniter\CodeIgniter->handleRequest(null, Object(Config\Cache), false)
 6 FCPATH\index.php(79): CodeIgniter\CodeIgniter->run()
ERROR - 2023-12-24 21:50:07 --> ErrorException: pg_query(): Query failed: ПОМИЛКА:  стовпець position.p_name не існує
LINE 6: WHERE &quot;position&quot;.&quot;p_name&quot; LIKE '%po%' ESCAPE '!'
              ^ in D:\curs_server\web_p\system\Database\Postgre\Connection.php:187
Stack trace:
#0 [internal function]: CodeIgniter\Debug\Exceptions->errorHandler(2, 'pg_query(): Que...', 'D:\\curs_server\\...', 187)
#1 D:\curs_server\web_p\system\Database\Postgre\Connection.php(187): pg_query(Object(PgSql\Connection), 'SELECT "worker"...')
#2 D:\curs_server\web_p\system\Database\BaseConnection.php(693): CodeIgniter\Database\Postgre\Connection->execute('SELECT "worker"...')
#3 D:\curs_server\web_p\system\Database\BaseConnection.php(607): CodeIgniter\Database\BaseConnection->simpleQuery('SELECT "worker"...')
#4 D:\curs_server\web_p\system\Database\BaseBuilder.php(1615): CodeIgniter\Database\BaseConnection->query('SELECT "worker"...', Array, false)
#5 D:\curs_server\web_p\app\Models\UserModel.php(41): CodeIgniter\Database\BaseBuilder->get()
#6 D:\curs_server\web_p\app\Controllers\roles_controllers\manager\WorkersController.php(42): App\Models\UserModel->search_worker('', '', '', 'po', '')
#7 D:\curs_server\web_p\system\CodeIgniter.php(942): App\Controllers\roles_controllers\manager\WorkersController->search_worker()
#8 D:\curs_server\web_p\system\CodeIgniter.php(502): CodeIgniter\CodeIgniter->runController(Object(App\Controllers\roles_controllers\manager\WorkersController))
#9 D:\curs_server\web_p\system\CodeIgniter.php(361): CodeIgniter\CodeIgniter->handleRequest(NULL, Object(Config\Cache), false)
#10 D:\curs_server\web_p\public\index.php(79): CodeIgniter\CodeIgniter->run()
#11 {main}
CRITICAL - 2023-12-24 21:50:07 --> pg_query(): Query failed: ПОМИЛКА:  стовпець position.p_name не існує
LINE 6: WHERE &quot;position&quot;.&quot;p_name&quot; LIKE '%po%' ESCAPE '!'
              ^
in SYSTEMPATH\Database\BaseConnection.php on line 647.
 1 SYSTEMPATH\Database\BaseBuilder.php(1615): CodeIgniter\Database\BaseConnection->query('SELECT "worker".*, "position"."name_p", "role"."name_r", "schedule"."s_name"
FROM "worker"
JOIN "position" ON "worker"."position_id" = "position"."id"
JOIN "role" ON "worker"."role_id" = "role"."id"
JOIN "schedule" ON "worker"."schedule_id" = "schedule"."id"
WHERE "position"."p_name" LIKE :position.p_name: ESCAPE \'!\'', [...], false)
 2 APPPATH\Models\UserModel.php(41): CodeIgniter\Database\BaseBuilder->get()
 3 APPPATH\Controllers\roles_controllers\manager\WorkersController.php(42): App\Models\UserModel->search_worker('', '', '', 'po', '')
 4 SYSTEMPATH\CodeIgniter.php(942): App\Controllers\roles_controllers\manager\WorkersController->search_worker()
 5 SYSTEMPATH\CodeIgniter.php(502): CodeIgniter\CodeIgniter->runController(Object(App\Controllers\roles_controllers\manager\WorkersController))
 6 SYSTEMPATH\CodeIgniter.php(361): CodeIgniter\CodeIgniter->handleRequest(null, Object(Config\Cache), false)
 7 FCPATH\index.php(79): CodeIgniter\CodeIgniter->run()
INFO - 2023-12-24 21:50:07 --> Session: Class initialized using 'CodeIgniter\Session\Handlers\FileHandler' driver.
WARNING - 2023-12-24 21:50:07 --> [DEPRECATED] pg_escape_string(): Automatic fetching of PostgreSQL connection is deprecated in APPPATH\Models\UserModel.php on line 37.
 1 APPPATH\Models\UserModel.php(37): pg_escape_string('po')
 2 APPPATH\Controllers\roles_controllers\manager\WorkersController.php(42): App\Models\UserModel->search_worker('', '', '', 'po', '')
 3 SYSTEMPATH\CodeIgniter.php(942): App\Controllers\roles_controllers\manager\WorkersController->search_worker()
 4 SYSTEMPATH\CodeIgniter.php(502): CodeIgniter\CodeIgniter->runController(Object(App\Controllers\roles_controllers\manager\WorkersController))
 5 SYSTEMPATH\CodeIgniter.php(361): CodeIgniter\CodeIgniter->handleRequest(null, Object(Config\Cache), false)
 6 FCPATH\index.php(79): CodeIgniter\CodeIgniter->run()
ERROR - 2023-12-24 21:50:07 --> ErrorException: pg_query(): Query failed: ПОМИЛКА:  стовпець position.p_name не існує
LINE 6: WHERE &quot;position&quot;.&quot;p_name&quot; LIKE '%po%' ESCAPE '!'
              ^ in D:\curs_server\web_p\system\Database\Postgre\Connection.php:187
Stack trace:
#0 [internal function]: CodeIgniter\Debug\Exceptions->errorHandler(2, 'pg_query(): Que...', 'D:\\curs_server\\...', 187)
#1 D:\curs_server\web_p\system\Database\Postgre\Connection.php(187): pg_query(Object(PgSql\Connection), 'SELECT "worker"...')
#2 D:\curs_server\web_p\system\Database\BaseConnection.php(693): CodeIgniter\Database\Postgre\Connection->execute('SELECT "worker"...')
#3 D:\curs_server\web_p\system\Database\BaseConnection.php(607): CodeIgniter\Database\BaseConnection->simpleQuery('SELECT "worker"...')
#4 D:\curs_server\web_p\system\Database\BaseBuilder.php(1615): CodeIgniter\Database\BaseConnection->query('SELECT "worker"...', Array, false)
#5 D:\curs_server\web_p\app\Models\UserModel.php(41): CodeIgniter\Database\BaseBuilder->get()
#6 D:\curs_server\web_p\app\Controllers\roles_controllers\manager\WorkersController.php(42): App\Models\UserModel->search_worker('', '', '', 'po', '')
#7 D:\curs_server\web_p\system\CodeIgniter.php(942): App\Controllers\roles_controllers\manager\WorkersController->search_worker()
#8 D:\curs_server\web_p\system\CodeIgniter.php(502): CodeIgniter\CodeIgniter->runController(Object(App\Controllers\roles_controllers\manager\WorkersController))
#9 D:\curs_server\web_p\system\CodeIgniter.php(361): CodeIgniter\CodeIgniter->handleRequest(NULL, Object(Config\Cache), false)
#10 D:\curs_server\web_p\public\index.php(79): CodeIgniter\CodeIgniter->run()
#11 {main}
CRITICAL - 2023-12-24 21:50:07 --> pg_query(): Query failed: ПОМИЛКА:  стовпець position.p_name не існує
LINE 6: WHERE &quot;position&quot;.&quot;p_name&quot; LIKE '%po%' ESCAPE '!'
              ^
in SYSTEMPATH\Database\BaseConnection.php on line 647.
 1 SYSTEMPATH\Database\BaseBuilder.php(1615): CodeIgniter\Database\BaseConnection->query('SELECT "worker".*, "position"."name_p", "role"."name_r", "schedule"."s_name"
FROM "worker"
JOIN "position" ON "worker"."position_id" = "position"."id"
JOIN "role" ON "worker"."role_id" = "role"."id"
JOIN "schedule" ON "worker"."schedule_id" = "schedule"."id"
WHERE "position"."p_name" LIKE :position.p_name: ESCAPE \'!\'', [...], false)
 2 APPPATH\Models\UserModel.php(41): CodeIgniter\Database\BaseBuilder->get()
 3 APPPATH\Controllers\roles_controllers\manager\WorkersController.php(42): App\Models\UserModel->search_worker('', '', '', 'po', '')
 4 SYSTEMPATH\CodeIgniter.php(942): App\Controllers\roles_controllers\manager\WorkersController->search_worker()
 5 SYSTEMPATH\CodeIgniter.php(502): CodeIgniter\CodeIgniter->runController(Object(App\Controllers\roles_controllers\manager\WorkersController))
 6 SYSTEMPATH\CodeIgniter.php(361): CodeIgniter\CodeIgniter->handleRequest(null, Object(Config\Cache), false)
 7 FCPATH\index.php(79): CodeIgniter\CodeIgniter->run()
INFO - 2023-12-24 21:50:07 --> Session: Class initialized using 'CodeIgniter\Session\Handlers\FileHandler' driver.
WARNING - 2023-12-24 21:50:07 --> [DEPRECATED] pg_escape_string(): Automatic fetching of PostgreSQL connection is deprecated in APPPATH\Models\UserModel.php on line 37.
 1 APPPATH\Models\UserModel.php(37): pg_escape_string('po')
 2 APPPATH\Controllers\roles_controllers\manager\WorkersController.php(42): App\Models\UserModel->search_worker('', '', '', 'po', '')
 3 SYSTEMPATH\CodeIgniter.php(942): App\Controllers\roles_controllers\manager\WorkersController->search_worker()
 4 SYSTEMPATH\CodeIgniter.php(502): CodeIgniter\CodeIgniter->runController(Object(App\Controllers\roles_controllers\manager\WorkersController))
 5 SYSTEMPATH\CodeIgniter.php(361): CodeIgniter\CodeIgniter->handleRequest(null, Object(Config\Cache), false)
 6 FCPATH\index.php(79): CodeIgniter\CodeIgniter->run()
ERROR - 2023-12-24 21:50:07 --> ErrorException: pg_query(): Query failed: ПОМИЛКА:  стовпець position.p_name не існує
LINE 6: WHERE &quot;position&quot;.&quot;p_name&quot; LIKE '%po%' ESCAPE '!'
              ^ in D:\curs_server\web_p\system\Database\Postgre\Connection.php:187
Stack trace:
#0 [internal function]: CodeIgniter\Debug\Exceptions->errorHandler(2, 'pg_query(): Que...', 'D:\\curs_server\\...', 187)
#1 D:\curs_server\web_p\system\Database\Postgre\Connection.php(187): pg_query(Object(PgSql\Connection), 'SELECT "worker"...')
#2 D:\curs_server\web_p\system\Database\BaseConnection.php(693): CodeIgniter\Database\Postgre\Connection->execute('SELECT "worker"...')
#3 D:\curs_server\web_p\system\Database\BaseConnection.php(607): CodeIgniter\Database\BaseConnection->simpleQuery('SELECT "worker"...')
#4 D:\curs_server\web_p\system\Database\BaseBuilder.php(1615): CodeIgniter\Database\BaseConnection->query('SELECT "worker"...', Array, false)
#5 D:\curs_server\web_p\app\Models\UserModel.php(41): CodeIgniter\Database\BaseBuilder->get()
#6 D:\curs_server\web_p\app\Controllers\roles_controllers\manager\WorkersController.php(42): App\Models\UserModel->search_worker('', '', '', 'po', '')
#7 D:\curs_server\web_p\system\CodeIgniter.php(942): App\Controllers\roles_controllers\manager\WorkersController->search_worker()
#8 D:\curs_server\web_p\system\CodeIgniter.php(502): CodeIgniter\CodeIgniter->runController(Object(App\Controllers\roles_controllers\manager\WorkersController))
#9 D:\curs_server\web_p\system\CodeIgniter.php(361): CodeIgniter\CodeIgniter->handleRequest(NULL, Object(Config\Cache), false)
#10 D:\curs_server\web_p\public\index.php(79): CodeIgniter\CodeIgniter->run()
#11 {main}
CRITICAL - 2023-12-24 21:50:07 --> pg_query(): Query failed: ПОМИЛКА:  стовпець position.p_name не існує
LINE 6: WHERE &quot;position&quot;.&quot;p_name&quot; LIKE '%po%' ESCAPE '!'
              ^
in SYSTEMPATH\Database\BaseConnection.php on line 647.
 1 SYSTEMPATH\Database\BaseBuilder.php(1615): CodeIgniter\Database\BaseConnection->query('SELECT "worker".*, "position"."name_p", "role"."name_r", "schedule"."s_name"
FROM "worker"
JOIN "position" ON "worker"."position_id" = "position"."id"
JOIN "role" ON "worker"."role_id" = "role"."id"
JOIN "schedule" ON "worker"."schedule_id" = "schedule"."id"
WHERE "position"."p_name" LIKE :position.p_name: ESCAPE \'!\'', [...], false)
 2 APPPATH\Models\UserModel.php(41): CodeIgniter\Database\BaseBuilder->get()
 3 APPPATH\Controllers\roles_controllers\manager\WorkersController.php(42): App\Models\UserModel->search_worker('', '', '', 'po', '')
 4 SYSTEMPATH\CodeIgniter.php(942): App\Controllers\roles_controllers\manager\WorkersController->search_worker()
 5 SYSTEMPATH\CodeIgniter.php(502): CodeIgniter\CodeIgniter->runController(Object(App\Controllers\roles_controllers\manager\WorkersController))
 6 SYSTEMPATH\CodeIgniter.php(361): CodeIgniter\CodeIgniter->handleRequest(null, Object(Config\Cache), false)
 7 FCPATH\index.php(79): CodeIgniter\CodeIgniter->run()
INFO - 2023-12-24 22:01:51 --> Session: Class initialized using 'CodeIgniter\Session\Handlers\FileHandler' driver.
INFO - 2023-12-24 22:01:52 --> Session: Class initialized using 'CodeIgniter\Session\Handlers\FileHandler' driver.
INFO - 2023-12-24 22:02:09 --> Session: Class initialized using 'CodeIgniter\Session\Handlers\FileHandler' driver.
CRITICAL - 2023-12-24 22:02:09 --> Undefined property: stdClass::$login_w
in APPPATH\Controllers\roles_controllers\manager\WorkersController.php on line 56.
 1 APPPATH\Controllers\roles_controllers\manager\WorkersController.php(56): CodeIgniter\Debug\Exceptions->errorHandler(2, 'Undefined property: stdClass::$login_w', 'D:\\curs_server\\web_p\\app\\Controllers\\roles_controllers\\manager\\WorkersController.php', 56)
 2 SYSTEMPATH\CodeIgniter.php(942): App\Controllers\roles_controllers\manager\WorkersController->add_worker()
 3 SYSTEMPATH\CodeIgniter.php(502): CodeIgniter\CodeIgniter->runController(Object(App\Controllers\roles_controllers\manager\WorkersController))
 4 SYSTEMPATH\CodeIgniter.php(361): CodeIgniter\CodeIgniter->handleRequest(null, Object(Config\Cache), false)
 5 FCPATH\index.php(79): CodeIgniter\CodeIgniter->run()
INFO - 2023-12-24 22:02:43 --> Session: Class initialized using 'CodeIgniter\Session\Handlers\FileHandler' driver.
CRITICAL - 2023-12-24 22:02:43 --> Undefined property: stdClass::$login_w
in APPPATH\Controllers\roles_controllers\manager\WorkersController.php on line 56.
 1 APPPATH\Controllers\roles_controllers\manager\WorkersController.php(56): CodeIgniter\Debug\Exceptions->errorHandler(2, 'Undefined property: stdClass::$login_w', 'D:\\curs_server\\web_p\\app\\Controllers\\roles_controllers\\manager\\WorkersController.php', 56)
 2 SYSTEMPATH\CodeIgniter.php(942): App\Controllers\roles_controllers\manager\WorkersController->add_worker()
 3 SYSTEMPATH\CodeIgniter.php(502): CodeIgniter\CodeIgniter->runController(Object(App\Controllers\roles_controllers\manager\WorkersController))
 4 SYSTEMPATH\CodeIgniter.php(361): CodeIgniter\CodeIgniter->handleRequest(null, Object(Config\Cache), false)
 5 FCPATH\index.php(79): CodeIgniter\CodeIgniter->run()
INFO - 2023-12-24 22:02:47 --> Session: Class initialized using 'CodeIgniter\Session\Handlers\FileHandler' driver.
CRITICAL - 2023-12-24 22:02:47 --> Undefined property: stdClass::$login_w
in APPPATH\Controllers\roles_controllers\manager\WorkersController.php on line 56.
 1 APPPATH\Controllers\roles_controllers\manager\WorkersController.php(56): CodeIgniter\Debug\Exceptions->errorHandler(2, 'Undefined property: stdClass::$login_w', 'D:\\curs_server\\web_p\\app\\Controllers\\roles_controllers\\manager\\WorkersController.php', 56)
 2 SYSTEMPATH\CodeIgniter.php(942): App\Controllers\roles_controllers\manager\WorkersController->add_worker()
 3 SYSTEMPATH\CodeIgniter.php(502): CodeIgniter\CodeIgniter->runController(Object(App\Controllers\roles_controllers\manager\WorkersController))
 4 SYSTEMPATH\CodeIgniter.php(361): CodeIgniter\CodeIgniter->handleRequest(null, Object(Config\Cache), false)
 5 FCPATH\index.php(79): CodeIgniter\CodeIgniter->run()
INFO - 2023-12-24 22:03:38 --> Session: Class initialized using 'CodeIgniter\Session\Handlers\FileHandler' driver.
CRITICAL - 2023-12-24 22:03:38 --> Undefined property: stdClass::$position_id
in APPPATH\Controllers\roles_controllers\manager\WorkersController.php on line 58.
 1 APPPATH\Controllers\roles_controllers\manager\WorkersController.php(58): CodeIgniter\Debug\Exceptions->errorHandler(2, 'Undefined property: stdClass::$position_id', 'D:\\curs_server\\web_p\\app\\Controllers\\roles_controllers\\manager\\WorkersController.php', 58)
 2 SYSTEMPATH\CodeIgniter.php(942): App\Controllers\roles_controllers\manager\WorkersController->add_worker()
 3 SYSTEMPATH\CodeIgniter.php(502): CodeIgniter\CodeIgniter->runController(Object(App\Controllers\roles_controllers\manager\WorkersController))
 4 SYSTEMPATH\CodeIgniter.php(361): CodeIgniter\CodeIgniter->handleRequest(null, Object(Config\Cache), false)
 5 FCPATH\index.php(79): CodeIgniter\CodeIgniter->run()
INFO - 2023-12-24 22:03:56 --> Session: Class initialized using 'CodeIgniter\Session\Handlers\FileHandler' driver.
CRITICAL - 2023-12-24 22:03:56 --> Undefined property: stdClass::$position_id
in APPPATH\Controllers\roles_controllers\manager\WorkersController.php on line 58.
 1 APPPATH\Controllers\roles_controllers\manager\WorkersController.php(58): CodeIgniter\Debug\Exceptions->errorHandler(2, 'Undefined property: stdClass::$position_id', 'D:\\curs_server\\web_p\\app\\Controllers\\roles_controllers\\manager\\WorkersController.php', 58)
 2 SYSTEMPATH\CodeIgniter.php(942): App\Controllers\roles_controllers\manager\WorkersController->add_worker()
 3 SYSTEMPATH\CodeIgniter.php(502): CodeIgniter\CodeIgniter->runController(Object(App\Controllers\roles_controllers\manager\WorkersController))
 4 SYSTEMPATH\CodeIgniter.php(361): CodeIgniter\CodeIgniter->handleRequest(null, Object(Config\Cache), false)
 5 FCPATH\index.php(79): CodeIgniter\CodeIgniter->run()
INFO - 2023-12-24 22:04:05 --> Session: Class initialized using 'CodeIgniter\Session\Handlers\FileHandler' driver.
CRITICAL - 2023-12-24 22:04:05 --> Undefined property: stdClass::$role_id
in APPPATH\Controllers\roles_controllers\manager\WorkersController.php on line 59.
 1 APPPATH\Controllers\roles_controllers\manager\WorkersController.php(59): CodeIgniter\Debug\Exceptions->errorHandler(2, 'Undefined property: stdClass::$role_id', 'D:\\curs_server\\web_p\\app\\Controllers\\roles_controllers\\manager\\WorkersController.php', 59)
 2 SYSTEMPATH\CodeIgniter.php(942): App\Controllers\roles_controllers\manager\WorkersController->add_worker()
 3 SYSTEMPATH\CodeIgniter.php(502): CodeIgniter\CodeIgniter->runController(Object(App\Controllers\roles_controllers\manager\WorkersController))
 4 SYSTEMPATH\CodeIgniter.php(361): CodeIgniter\CodeIgniter->handleRequest(null, Object(Config\Cache), false)
 5 FCPATH\index.php(79): CodeIgniter\CodeIgniter->run()
INFO - 2023-12-24 22:04:19 --> Session: Class initialized using 'CodeIgniter\Session\Handlers\FileHandler' driver.
CRITICAL - 2023-12-24 22:04:19 --> Undefined property: stdClass::$schedule_id
in APPPATH\Controllers\roles_controllers\manager\WorkersController.php on line 60.
 1 APPPATH\Controllers\roles_controllers\manager\WorkersController.php(60): CodeIgniter\Debug\Exceptions->errorHandler(2, 'Undefined property: stdClass::$schedule_id', 'D:\\curs_server\\web_p\\app\\Controllers\\roles_controllers\\manager\\WorkersController.php', 60)
 2 SYSTEMPATH\CodeIgniter.php(942): App\Controllers\roles_controllers\manager\WorkersController->add_worker()
 3 SYSTEMPATH\CodeIgniter.php(502): CodeIgniter\CodeIgniter->runController(Object(App\Controllers\roles_controllers\manager\WorkersController))
 4 SYSTEMPATH\CodeIgniter.php(361): CodeIgniter\CodeIgniter->handleRequest(null, Object(Config\Cache), false)
 5 FCPATH\index.php(79): CodeIgniter\CodeIgniter->run()
INFO - 2023-12-24 22:04:36 --> Session: Class initialized using 'CodeIgniter\Session\Handlers\FileHandler' driver.
INFO - 2023-12-24 22:04:36 --> Session: Class initialized using 'CodeIgniter\Session\Handlers\FileHandler' driver.
INFO - 2023-12-24 22:05:30 --> Session: Class initialized using 'CodeIgniter\Session\Handlers\FileHandler' driver.
INFO - 2023-12-24 22:05:31 --> Session: Class initialized using 'CodeIgniter\Session\Handlers\FileHandler' driver.
INFO - 2023-12-24 22:55:23 --> Session: Class initialized using 'CodeIgniter\Session\Handlers\FileHandler' driver.
INFO - 2023-12-24 22:55:23 --> Session: Class initialized using 'CodeIgniter\Session\Handlers\FileHandler' driver.
INFO - 2023-12-24 22:58:06 --> Session: Class initialized using 'CodeIgniter\Session\Handlers\FileHandler' driver.
INFO - 2023-12-24 22:59:05 --> Session: Class initialized using 'CodeIgniter\Session\Handlers\FileHandler' driver.
INFO - 2023-12-24 22:59:05 --> Session: Class initialized using 'CodeIgniter\Session\Handlers\FileHandler' driver.
INFO - 2023-12-24 23:02:54 --> Session: Class initialized using 'CodeIgniter\Session\Handlers\FileHandler' driver.
INFO - 2023-12-24 23:02:54 --> Session: Class initialized using 'CodeIgniter\Session\Handlers\FileHandler' driver.
INFO - 2023-12-24 23:11:57 --> Session: Class initialized using 'CodeIgniter\Session\Handlers\FileHandler' driver.
INFO - 2023-12-24 23:11:57 --> Session: Class initialized using 'CodeIgniter\Session\Handlers\FileHandler' driver.
INFO - 2023-12-24 23:13:25 --> Session: Class initialized using 'CodeIgniter\Session\Handlers\FileHandler' driver.
INFO - 2023-12-24 23:13:55 --> Session: Class initialized using 'CodeIgniter\Session\Handlers\FileHandler' driver.
INFO - 2023-12-24 23:14:29 --> Session: Class initialized using 'CodeIgniter\Session\Handlers\FileHandler' driver.
INFO - 2023-12-24 23:14:29 --> Session: Class initialized using 'CodeIgniter\Session\Handlers\FileHandler' driver.
INFO - 2023-12-24 23:15:08 --> Session: Class initialized using 'CodeIgniter\Session\Handlers\FileHandler' driver.
INFO - 2023-12-24 23:15:09 --> Session: Class initialized using 'CodeIgniter\Session\Handlers\FileHandler' driver.
INFO - 2023-12-24 23:15:10 --> Session: Class initialized using 'CodeIgniter\Session\Handlers\FileHandler' driver.
INFO - 2023-12-24 23:18:04 --> Session: Class initialized using 'CodeIgniter\Session\Handlers\FileHandler' driver.
INFO - 2023-12-24 23:18:04 --> Session: Class initialized using 'CodeIgniter\Session\Handlers\FileHandler' driver.
INFO - 2023-12-24 23:18:22 --> Session: Class initialized using 'CodeIgniter\Session\Handlers\FileHandler' driver.
INFO - 2023-12-24 23:18:23 --> Session: Class initialized using 'CodeIgniter\Session\Handlers\FileHandler' driver.
INFO - 2023-12-24 23:18:56 --> Session: Class initialized using 'CodeIgniter\Session\Handlers\FileHandler' driver.
INFO - 2023-12-24 23:22:32 --> Session: Class initialized using 'CodeIgniter\Session\Handlers\FileHandler' driver.
INFO - 2023-12-24 23:22:32 --> Session: Class initialized using 'CodeIgniter\Session\Handlers\FileHandler' driver.
INFO - 2023-12-24 23:22:34 --> Session: Class initialized using 'CodeIgniter\Session\Handlers\FileHandler' driver.
INFO - 2023-12-24 23:22:34 --> Session: Class initialized using 'CodeIgniter\Session\Handlers\FileHandler' driver.
INFO - 2023-12-24 23:22:37 --> Session: Class initialized using 'CodeIgniter\Session\Handlers\FileHandler' driver.
INFO - 2023-12-24 23:22:37 --> Session: Class initialized using 'CodeIgniter\Session\Handlers\FileHandler' driver.
INFO - 2023-12-24 23:22:38 --> Session: Class initialized using 'CodeIgniter\Session\Handlers\FileHandler' driver.
INFO - 2023-12-24 23:28:30 --> Session: Class initialized using 'CodeIgniter\Session\Handlers\FileHandler' driver.
INFO - 2023-12-24 23:28:30 --> Session: Class initialized using 'CodeIgniter\Session\Handlers\FileHandler' driver.
INFO - 2023-12-24 23:28:33 --> Session: Class initialized using 'CodeIgniter\Session\Handlers\FileHandler' driver.
INFO - 2023-12-24 23:28:33 --> Session: Class initialized using 'CodeIgniter\Session\Handlers\FileHandler' driver.
INFO - 2023-12-24 23:28:34 --> Session: Class initialized using 'CodeIgniter\Session\Handlers\FileHandler' driver.
INFO - 2023-12-24 23:28:34 --> Session: Class initialized using 'CodeIgniter\Session\Handlers\FileHandler' driver.
INFO - 2023-12-24 23:28:35 --> Session: Class initialized using 'CodeIgniter\Session\Handlers\FileHandler' driver.
INFO - 2023-12-24 23:28:50 --> Session: Class initialized using 'CodeIgniter\Session\Handlers\FileHandler' driver.
INFO - 2023-12-24 23:28:50 --> Session: Class initialized using 'CodeIgniter\Session\Handlers\FileHandler' driver.
INFO - 2023-12-24 23:29:56 --> Session: Class initialized using 'CodeIgniter\Session\Handlers\FileHandler' driver.
INFO - 2023-12-24 23:29:57 --> Session: Class initialized using 'CodeIgniter\Session\Handlers\FileHandler' driver.
INFO - 2023-12-24 23:30:19 --> Session: Class initialized using 'CodeIgniter\Session\Handlers\FileHandler' driver.
INFO - 2023-12-24 23:30:20 --> Session: Class initialized using 'CodeIgniter\Session\Handlers\FileHandler' driver.
INFO - 2023-12-24 23:30:20 --> Session: Class initialized using 'CodeIgniter\Session\Handlers\FileHandler' driver.
INFO - 2023-12-24 23:30:20 --> Session: Class initialized using 'CodeIgniter\Session\Handlers\FileHandler' driver.
INFO - 2023-12-24 23:30:24 --> Session: Class initialized using 'CodeIgniter\Session\Handlers\FileHandler' driver.
INFO - 2023-12-24 23:30:25 --> Session: Class initialized using 'CodeIgniter\Session\Handlers\FileHandler' driver.
INFO - 2023-12-24 23:31:49 --> Session: Class initialized using 'CodeIgniter\Session\Handlers\FileHandler' driver.
INFO - 2023-12-24 23:31:49 --> Session: Class initialized using 'CodeIgniter\Session\Handlers\FileHandler' driver.
INFO - 2023-12-24 23:31:50 --> Session: Class initialized using 'CodeIgniter\Session\Handlers\FileHandler' driver.
INFO - 2023-12-24 23:31:52 --> Session: Class initialized using 'CodeIgniter\Session\Handlers\FileHandler' driver.
INFO - 2023-12-24 23:31:52 --> Session: Class initialized using 'CodeIgniter\Session\Handlers\FileHandler' driver.
INFO - 2023-12-24 23:32:15 --> Session: Class initialized using 'CodeIgniter\Session\Handlers\FileHandler' driver.
INFO - 2023-12-24 23:32:15 --> Session: Class initialized using 'CodeIgniter\Session\Handlers\FileHandler' driver.
INFO - 2023-12-24 23:32:17 --> Session: Class initialized using 'CodeIgniter\Session\Handlers\FileHandler' driver.
INFO - 2023-12-24 23:33:04 --> Session: Class initialized using 'CodeIgniter\Session\Handlers\FileHandler' driver.
INFO - 2023-12-24 23:33:07 --> Session: Class initialized using 'CodeIgniter\Session\Handlers\FileHandler' driver.
INFO - 2023-12-24 23:33:07 --> Session: Class initialized using 'CodeIgniter\Session\Handlers\FileHandler' driver.
INFO - 2023-12-24 23:33:20 --> Session: Class initialized using 'CodeIgniter\Session\Handlers\FileHandler' driver.
WARNING - 2023-12-24 23:33:20 --> [DEPRECATED] pg_escape_string(): Automatic fetching of PostgreSQL connection is deprecated in APPPATH\Models\CustomerModel.php on line 45.
 1 APPPATH\Models\CustomerModel.php(45): pg_escape_string('2')
 2 APPPATH\Controllers\roles_controllers\manager\CustomersController.php(49): App\Models\CustomerModel->add_customer('2', '3', '1', '12345', '1234', '11')
 3 SYSTEMPATH\CodeIgniter.php(942): App\Controllers\roles_controllers\manager\CustomersController->add_customer()
 4 SYSTEMPATH\CodeIgniter.php(502): CodeIgniter\CodeIgniter->runController(Object(App\Controllers\roles_controllers\manager\CustomersController))
 5 SYSTEMPATH\CodeIgniter.php(361): CodeIgniter\CodeIgniter->handleRequest(null, Object(Config\Cache), false)
 6 FCPATH\index.php(79): CodeIgniter\CodeIgniter->run()
WARNING - 2023-12-24 23:33:20 --> [DEPRECATED] pg_escape_string(): Automatic fetching of PostgreSQL connection is deprecated in APPPATH\Models\CustomerModel.php on line 46.
 1 APPPATH\Models\CustomerModel.php(46): pg_escape_string('3')
 2 APPPATH\Controllers\roles_controllers\manager\CustomersController.php(49): App\Models\CustomerModel->add_customer('2', '3', '1', '12345', '1234', '11')
 3 SYSTEMPATH\CodeIgniter.php(942): App\Controllers\roles_controllers\manager\CustomersController->add_customer()
 4 SYSTEMPATH\CodeIgniter.php(502): CodeIgniter\CodeIgniter->runController(Object(App\Controllers\roles_controllers\manager\CustomersController))
 5 SYSTEMPATH\CodeIgniter.php(361): CodeIgniter\CodeIgniter->handleRequest(null, Object(Config\Cache), false)
 6 FCPATH\index.php(79): CodeIgniter\CodeIgniter->run()
WARNING - 2023-12-24 23:33:20 --> [DEPRECATED] pg_escape_string(): Automatic fetching of PostgreSQL connection is deprecated in APPPATH\Models\CustomerModel.php on line 47.
 1 APPPATH\Models\CustomerModel.php(47): pg_escape_string('1')
 2 APPPATH\Controllers\roles_controllers\manager\CustomersController.php(49): App\Models\CustomerModel->add_customer('2', '3', '1', '12345', '1234', '11')
 3 SYSTEMPATH\CodeIgniter.php(942): App\Controllers\roles_controllers\manager\CustomersController->add_customer()
 4 SYSTEMPATH\CodeIgniter.php(502): CodeIgniter\CodeIgniter->runController(Object(App\Controllers\roles_controllers\manager\CustomersController))
 5 SYSTEMPATH\CodeIgniter.php(361): CodeIgniter\CodeIgniter->handleRequest(null, Object(Config\Cache), false)
 6 FCPATH\index.php(79): CodeIgniter\CodeIgniter->run()
WARNING - 2023-12-24 23:33:20 --> [DEPRECATED] pg_escape_string(): Automatic fetching of PostgreSQL connection is deprecated in APPPATH\Models\CustomerModel.php on line 48.
 1 APPPATH\Models\CustomerModel.php(48): pg_escape_string('12345')
 2 APPPATH\Controllers\roles_controllers\manager\CustomersController.php(49): App\Models\CustomerModel->add_customer('2', '3', '1', '12345', '1234', '11')
 3 SYSTEMPATH\CodeIgniter.php(942): App\Controllers\roles_controllers\manager\CustomersController->add_customer()
 4 SYSTEMPATH\CodeIgniter.php(502): CodeIgniter\CodeIgniter->runController(Object(App\Controllers\roles_controllers\manager\CustomersController))
 5 SYSTEMPATH\CodeIgniter.php(361): CodeIgniter\CodeIgniter->handleRequest(null, Object(Config\Cache), false)
 6 FCPATH\index.php(79): CodeIgniter\CodeIgniter->run()
WARNING - 2023-12-24 23:33:20 --> [DEPRECATED] pg_escape_string(): Automatic fetching of PostgreSQL connection is deprecated in APPPATH\Models\CustomerModel.php on line 49.
 1 APPPATH\Models\CustomerModel.php(49): pg_escape_string('1234')
 2 APPPATH\Controllers\roles_controllers\manager\CustomersController.php(49): App\Models\CustomerModel->add_customer('2', '3', '1', '12345', '1234', '11')
 3 SYSTEMPATH\CodeIgniter.php(942): App\Controllers\roles_controllers\manager\CustomersController->add_customer()
 4 SYSTEMPATH\CodeIgniter.php(502): CodeIgniter\CodeIgniter->runController(Object(App\Controllers\roles_controllers\manager\CustomersController))
 5 SYSTEMPATH\CodeIgniter.php(361): CodeIgniter\CodeIgniter->handleRequest(null, Object(Config\Cache), false)
 6 FCPATH\index.php(79): CodeIgniter\CodeIgniter->run()
WARNING - 2023-12-24 23:33:20 --> [DEPRECATED] pg_escape_string(): Automatic fetching of PostgreSQL connection is deprecated in APPPATH\Models\CustomerModel.php on line 50.
 1 APPPATH\Models\CustomerModel.php(50): pg_escape_string('11')
 2 APPPATH\Controllers\roles_controllers\manager\CustomersController.php(49): App\Models\CustomerModel->add_customer('2', '3', '1', '12345', '1234', '11')
 3 SYSTEMPATH\CodeIgniter.php(942): App\Controllers\roles_controllers\manager\CustomersController->add_customer()
 4 SYSTEMPATH\CodeIgniter.php(502): CodeIgniter\CodeIgniter->runController(Object(App\Controllers\roles_controllers\manager\CustomersController))
 5 SYSTEMPATH\CodeIgniter.php(361): CodeIgniter\CodeIgniter->handleRequest(null, Object(Config\Cache), false)
 6 FCPATH\index.php(79): CodeIgniter\CodeIgniter->run()
INFO - 2023-12-24 23:33:20 --> Session: Class initialized using 'CodeIgniter\Session\Handlers\FileHandler' driver.
INFO - 2023-12-24 23:33:27 --> Session: Class initialized using 'CodeIgniter\Session\Handlers\FileHandler' driver.
WARNING - 2023-12-24 23:33:27 --> [DEPRECATED] pg_escape_string(): Automatic fetching of PostgreSQL connection is deprecated in APPPATH\Models\CustomerModel.php on line 28.
 1 APPPATH\Models\CustomerModel.php(28): pg_escape_string('3')
 2 APPPATH\Controllers\roles_controllers\manager\CustomersController.php(33): App\Models\CustomerModel->search_customer('3', '', '', '')
 3 SYSTEMPATH\CodeIgniter.php(942): App\Controllers\roles_controllers\manager\CustomersController->search_customer()
 4 SYSTEMPATH\CodeIgniter.php(502): CodeIgniter\CodeIgniter->runController(Object(App\Controllers\roles_controllers\manager\CustomersController))
 5 SYSTEMPATH\CodeIgniter.php(361): CodeIgniter\CodeIgniter->handleRequest(null, Object(Config\Cache), false)
 6 FCPATH\index.php(79): CodeIgniter\CodeIgniter->run()
INFO - 2023-12-24 23:33:30 --> Session: Class initialized using 'CodeIgniter\Session\Handlers\FileHandler' driver.
WARNING - 2023-12-24 23:33:30 --> [DEPRECATED] pg_escape_string(): Automatic fetching of PostgreSQL connection is deprecated in APPPATH\Models\CustomerModel.php on line 28.
 1 APPPATH\Models\CustomerModel.php(28): pg_escape_string('2')
 2 APPPATH\Controllers\roles_controllers\manager\CustomersController.php(33): App\Models\CustomerModel->search_customer('2', '', '', '')
 3 SYSTEMPATH\CodeIgniter.php(942): App\Controllers\roles_controllers\manager\CustomersController->search_customer()
 4 SYSTEMPATH\CodeIgniter.php(502): CodeIgniter\CodeIgniter->runController(Object(App\Controllers\roles_controllers\manager\CustomersController))
 5 SYSTEMPATH\CodeIgniter.php(361): CodeIgniter\CodeIgniter->handleRequest(null, Object(Config\Cache), false)
 6 FCPATH\index.php(79): CodeIgniter\CodeIgniter->run()
INFO - 2023-12-24 23:44:49 --> Session: Class initialized using 'CodeIgniter\Session\Handlers\FileHandler' driver.
INFO - 2023-12-24 23:44:50 --> Session: Class initialized using 'CodeIgniter\Session\Handlers\FileHandler' driver.
INFO - 2023-12-24 23:44:51 --> Session: Class initialized using 'CodeIgniter\Session\Handlers\FileHandler' driver.
CRITICAL - 2023-12-24 23:44:51 --> Undefined variable $room_types
in APPPATH\Views\roles_view\manager\rooms.php on line 16.
 1 APPPATH\Views\roles_view\manager\rooms.php(16): CodeIgniter\Debug\Exceptions->errorHandler(2, 'Undefined variable $room_types', 'D:\\curs_server\\web_p\\app\\Views\\roles_view\\manager\\rooms.php', 16)
 2 SYSTEMPATH\View\View.php(228): include('D:\\curs_server\\web_p\\app\\Views\\roles_view\\manager\\rooms.php')
 3 SYSTEMPATH\View\View.php(231): CodeIgniter\View\View->CodeIgniter\View\{closure}()
 4 SYSTEMPATH\Common.php(1190): CodeIgniter\View\View->render('roles_view/manager/rooms', [], true)
 5 APPPATH\Controllers\roles_controllers\manager\RoomsController.php(19): view('roles_view/manager/rooms', [...])
 6 SYSTEMPATH\CodeIgniter.php(942): App\Controllers\roles_controllers\manager\RoomsController->index()
 7 SYSTEMPATH\CodeIgniter.php(502): CodeIgniter\CodeIgniter->runController(Object(App\Controllers\roles_controllers\manager\RoomsController))
 8 SYSTEMPATH\CodeIgniter.php(361): CodeIgniter\CodeIgniter->handleRequest(null, Object(Config\Cache), false)
 9 FCPATH\index.php(79): CodeIgniter\CodeIgniter->run()
INFO - 2023-12-24 23:45:30 --> Session: Class initialized using 'CodeIgniter\Session\Handlers\FileHandler' driver.
INFO - 2023-12-24 23:46:17 --> Session: Class initialized using 'CodeIgniter\Session\Handlers\FileHandler' driver.
INFO - 2023-12-24 23:46:38 --> Session: Class initialized using 'CodeIgniter\Session\Handlers\FileHandler' driver.
INFO - 2023-12-24 23:46:38 --> Session: Class initialized using 'CodeIgniter\Session\Handlers\FileHandler' driver.
INFO - 2023-12-24 23:47:10 --> Session: Class initialized using 'CodeIgniter\Session\Handlers\FileHandler' driver.
INFO - 2023-12-24 23:47:10 --> Session: Class initialized using 'CodeIgniter\Session\Handlers\FileHandler' driver.
INFO - 2023-12-24 23:47:24 --> Session: Class initialized using 'CodeIgniter\Session\Handlers\FileHandler' driver.
WARNING - 2023-12-24 23:47:24 --> [DEPRECATED] pg_escape_string(): Automatic fetching of PostgreSQL connection is deprecated in APPPATH\Models\RoomModel.php on line 31.
 1 APPPATH\Models\RoomModel.php(31): pg_escape_string('Бізнес')
 2 APPPATH\Controllers\roles_controllers\manager\RoomsController.php(43): App\Models\RoomModel->searchRooms('', 'Бізнес', '', '', '', '', '', '')
 3 SYSTEMPATH\CodeIgniter.php(942): App\Controllers\roles_controllers\manager\RoomsController->search_room()
 4 SYSTEMPATH\CodeIgniter.php(502): CodeIgniter\CodeIgniter->runController(Object(App\Controllers\roles_controllers\manager\RoomsController))
 5 SYSTEMPATH\CodeIgniter.php(361): CodeIgniter\CodeIgniter->handleRequest(null, Object(Config\Cache), false)
 6 FCPATH\index.php(79): CodeIgniter\CodeIgniter->run()
INFO - 2023-12-24 23:47:28 --> Session: Class initialized using 'CodeIgniter\Session\Handlers\FileHandler' driver.
WARNING - 2023-12-24 23:47:28 --> [DEPRECATED] pg_escape_string(): Automatic fetching of PostgreSQL connection is deprecated in APPPATH\Models\RoomModel.php on line 31.
 1 APPPATH\Models\RoomModel.php(31): pg_escape_string('Бізнес')
 2 APPPATH\Controllers\roles_controllers\manager\RoomsController.php(43): App\Models\RoomModel->searchRooms('', 'Бізнес', '', '', '', '', '', '')
 3 SYSTEMPATH\CodeIgniter.php(942): App\Controllers\roles_controllers\manager\RoomsController->search_room()
 4 SYSTEMPATH\CodeIgniter.php(502): CodeIgniter\CodeIgniter->runController(Object(App\Controllers\roles_controllers\manager\RoomsController))
 5 SYSTEMPATH\CodeIgniter.php(361): CodeIgniter\CodeIgniter->handleRequest(null, Object(Config\Cache), false)
 6 FCPATH\index.php(79): CodeIgniter\CodeIgniter->run()
INFO - 2023-12-24 23:47:31 --> Session: Class initialized using 'CodeIgniter\Session\Handlers\FileHandler' driver.
INFO - 2023-12-24 23:49:46 --> Session: Class initialized using 'CodeIgniter\Session\Handlers\FileHandler' driver.
INFO - 2023-12-24 23:49:47 --> Session: Class initialized using 'CodeIgniter\Session\Handlers\FileHandler' driver.
INFO - 2023-12-24 23:49:49 --> Session: Class initialized using 'CodeIgniter\Session\Handlers\FileHandler' driver.
INFO - 2023-12-24 23:49:50 --> Session: Class initialized using 'CodeIgniter\Session\Handlers\FileHandler' driver.
INFO - 2023-12-24 23:49:55 --> Session: Class initialized using 'CodeIgniter\Session\Handlers\FileHandler' driver.
INFO - 2023-12-24 23:49:56 --> Session: Class initialized using 'CodeIgniter\Session\Handlers\FileHandler' driver.
INFO - 2023-12-24 23:49:57 --> Session: Class initialized using 'CodeIgniter\Session\Handlers\FileHandler' driver.
INFO - 2023-12-24 23:49:57 --> Session: Class initialized using 'CodeIgniter\Session\Handlers\FileHandler' driver.
INFO - 2023-12-24 23:51:26 --> Session: Class initialized using 'CodeIgniter\Session\Handlers\FileHandler' driver.
INFO - 2023-12-24 23:51:27 --> Session: Class initialized using 'CodeIgniter\Session\Handlers\FileHandler' driver.
INFO - 2023-12-24 23:51:28 --> Session: Class initialized using 'CodeIgniter\Session\Handlers\FileHandler' driver.
INFO - 2023-12-24 23:52:00 --> Session: Class initialized using 'CodeIgniter\Session\Handlers\FileHandler' driver.
INFO - 2023-12-24 23:52:00 --> Session: Class initialized using 'CodeIgniter\Session\Handlers\FileHandler' driver.
INFO - 2023-12-24 23:52:11 --> Session: Class initialized using 'CodeIgniter\Session\Handlers\FileHandler' driver.
INFO - 2023-12-24 23:52:12 --> Session: Class initialized using 'CodeIgniter\Session\Handlers\FileHandler' driver.
INFO - 2023-12-24 23:52:13 --> Session: Class initialized using 'CodeIgniter\Session\Handlers\FileHandler' driver.
INFO - 2023-12-24 23:52:14 --> Session: Class initialized using 'CodeIgniter\Session\Handlers\FileHandler' driver.
INFO - 2023-12-24 23:52:14 --> Session: Class initialized using 'CodeIgniter\Session\Handlers\FileHandler' driver.
INFO - 2023-12-24 23:56:48 --> Session: Class initialized using 'CodeIgniter\Session\Handlers\FileHandler' driver.
INFO - 2023-12-24 23:56:49 --> Session: Class initialized using 'CodeIgniter\Session\Handlers\FileHandler' driver.
INFO - 2023-12-24 23:57:17 --> Session: Class initialized using 'CodeIgniter\Session\Handlers\FileHandler' driver.
INFO - 2023-12-24 23:57:17 --> Session: Class initialized using 'CodeIgniter\Session\Handlers\FileHandler' driver.
